2024-08-29T16:03:27.702+05:30  INFO 268 --- [12-advanced-mappings-app] [restartedMain] com.aurionpro.mapping.Application        : Starting Application using Java 21.0.3 with PID 268 (D:\SpringAssignments\12-advanced-mappings-app\target\classes started by Suhas.Murthy in D:\SpringAssignments\12-advanced-mappings-app)
2024-08-29T16:03:27.714+05:30  INFO 268 --- [12-advanced-mappings-app] [restartedMain] com.aurionpro.mapping.Application        : No active profile set, falling back to 1 default profile: "default"
2024-08-29T16:03:27.778+05:30  INFO 268 --- [12-advanced-mappings-app] [restartedMain] .e.DevToolsPropertyDefaultsPostProcessor : Devtools property defaults active! Set 'spring.devtools.add-properties' to 'false' to disable
2024-08-29T16:03:27.779+05:30  INFO 268 --- [12-advanced-mappings-app] [restartedMain] .e.DevToolsPropertyDefaultsPostProcessor : For additional web related logging consider setting the 'logging.level.web' property to 'DEBUG'
2024-08-29T16:03:28.656+05:30  INFO 268 --- [12-advanced-mappings-app] [restartedMain] .s.d.r.c.RepositoryConfigurationDelegate : Bootstrapping Spring Data JPA repositories in DEFAULT mode.
2024-08-29T16:03:28.745+05:30  INFO 268 --- [12-advanced-mappings-app] [restartedMain] .s.d.r.c.RepositoryConfigurationDelegate : Finished Spring Data repository scanning in 80 ms. Found 3 JPA repository interfaces.
2024-08-29T16:03:29.309+05:30  INFO 268 --- [12-advanced-mappings-app] [restartedMain] o.s.b.w.embedded.tomcat.TomcatWebServer  : Tomcat initialized with port 8080 (http)
2024-08-29T16:03:29.329+05:30  INFO 268 --- [12-advanced-mappings-app] [restartedMain] o.apache.catalina.core.StandardService   : Starting service [Tomcat]
2024-08-29T16:03:29.329+05:30  INFO 268 --- [12-advanced-mappings-app] [restartedMain] o.apache.catalina.core.StandardEngine    : Starting Servlet engine: [Apache Tomcat/10.1.28]
2024-08-29T16:03:29.389+05:30  INFO 268 --- [12-advanced-mappings-app] [restartedMain] o.a.c.c.C.[Tomcat].[localhost].[/]       : Initializing Spring embedded WebApplicationContext
2024-08-29T16:03:29.390+05:30  INFO 268 --- [12-advanced-mappings-app] [restartedMain] w.s.c.ServletWebServerApplicationContext : Root WebApplicationContext: initialization completed in 1610 ms
2024-08-29T16:03:29.549+05:30  INFO 268 --- [12-advanced-mappings-app] [restartedMain] o.hibernate.jpa.internal.util.LogHelper  : HHH000204: Processing PersistenceUnitInfo [name: default]
2024-08-29T16:03:29.623+05:30  INFO 268 --- [12-advanced-mappings-app] [restartedMain] org.hibernate.Version                    : HHH000412: Hibernate ORM core version 6.5.2.Final
2024-08-29T16:03:29.661+05:30  INFO 268 --- [12-advanced-mappings-app] [restartedMain] o.h.c.internal.RegionFactoryInitiator    : HHH000026: Second-level cache disabled
2024-08-29T16:03:29.947+05:30  INFO 268 --- [12-advanced-mappings-app] [restartedMain] o.s.o.j.p.SpringPersistenceUnitInfo      : No LoadTimeWeaver setup: ignoring JPA class transformer
2024-08-29T16:03:29.976+05:30  INFO 268 --- [12-advanced-mappings-app] [restartedMain] com.zaxxer.hikari.HikariDataSource       : HikariPool-1 - Starting...
2024-08-29T16:03:30.332+05:30  INFO 268 --- [12-advanced-mappings-app] [restartedMain] com.zaxxer.hikari.pool.HikariPool        : HikariPool-1 - Added connection com.mysql.cj.jdbc.ConnectionImpl@655df620
2024-08-29T16:03:30.334+05:30  INFO 268 --- [12-advanced-mappings-app] [restartedMain] com.zaxxer.hikari.HikariDataSource       : HikariPool-1 - Start completed.
2024-08-29T16:03:31.956+05:30  INFO 268 --- [12-advanced-mappings-app] [restartedMain] o.h.e.t.j.p.i.JtaPlatformInitiator       : HHH000489: No JTA platform available (set 'hibernate.transaction.jta.platform' to enable JTA platform integration)
2024-08-29T16:03:32.124+05:30  INFO 268 --- [12-advanced-mappings-app] [restartedMain] j.LocalContainerEntityManagerFactoryBean : Initialized JPA EntityManagerFactory for persistence unit 'default'
2024-08-29T16:03:32.885+05:30  WARN 268 --- [12-advanced-mappings-app] [restartedMain] JpaBaseConfiguration$JpaWebConfiguration : spring.jpa.open-in-view is enabled by default. Therefore, database queries may be performed during view rendering. Explicitly configure spring.jpa.open-in-view to disable this warning
2024-08-29T16:03:33.737+05:30  WARN 268 --- [12-advanced-mappings-app] [restartedMain] .s.s.UserDetailsServiceAutoConfiguration : 

Using generated security password: 6298acb8-ad24-4b9f-849a-6a55e4f929ef

This generated password is for development use only. Your security configuration must be updated before running your application in production.

2024-08-29T16:03:33.773+05:30  INFO 268 --- [12-advanced-mappings-app] [restartedMain] r$InitializeUserDetailsManagerConfigurer : Global AuthenticationManager configured with UserDetailsService bean with name inMemoryUserDetailsManager
2024-08-29T16:03:34.211+05:30  INFO 268 --- [12-advanced-mappings-app] [restartedMain] o.s.b.d.a.OptionalLiveReloadServer       : LiveReload server is running on port 35729
2024-08-29T16:03:34.258+05:30  INFO 268 --- [12-advanced-mappings-app] [restartedMain] o.s.b.w.embedded.tomcat.TomcatWebServer  : Tomcat started on port 8080 (http) with context path '/'
2024-08-29T16:03:34.268+05:30  INFO 268 --- [12-advanced-mappings-app] [restartedMain] com.aurionpro.mapping.Application        : Started Application in 6.998 seconds (process running for 7.931)
2024-08-29T16:04:34.659+05:30  INFO 268 --- [12-advanced-mappings-app] [http-nio-8080-exec-2] o.a.c.c.C.[Tomcat].[localhost].[/]       : Initializing Spring DispatcherServlet 'dispatcherServlet'
2024-08-29T16:04:34.660+05:30  INFO 268 --- [12-advanced-mappings-app] [http-nio-8080-exec-2] o.s.web.servlet.DispatcherServlet        : Initializing Servlet 'dispatcherServlet'
2024-08-29T16:04:34.663+05:30  INFO 268 --- [12-advanced-mappings-app] [http-nio-8080-exec-2] o.s.web.servlet.DispatcherServlet        : Completed initialization in 2 ms
2024-08-29T16:06:28.788+05:30  WARN 268 --- [12-advanced-mappings-app] [http-nio-8080-exec-6] ration$PageModule$WarningLoggingModifier : Serializing PageImpl instances as-is is not supported, meaning that there is no guarantee about the stability of the resulting JSON structure!
	For a stable JSON structure, please use Spring Data's PagedModel (globally via @EnableSpringDataWebSupport(pageSerializationMode = VIA_DTO))
	or Spring HATEOAS and Spring Data's PagedResourcesAssembler as documented in https://docs.spring.io/spring-data/commons/reference/repositories/core-extensions.html#core.web.pageables.

2024-08-29T16:10:19.195+05:30  INFO 268 --- [12-advanced-mappings-app] [File Watcher] rtingClassPathChangeChangedEventListener : Restarting due to 1 class path change (0 additions, 0 deletions, 1 modification)
2024-08-29T16:10:19.215+05:30  INFO 268 --- [12-advanced-mappings-app] [Thread-5] j.LocalContainerEntityManagerFactoryBean : Closing JPA EntityManagerFactory for persistence unit 'default'
2024-08-29T16:10:19.216+05:30  INFO 268 --- [12-advanced-mappings-app] [Thread-5] com.zaxxer.hikari.HikariDataSource       : HikariPool-1 - Shutdown initiated...
2024-08-29T16:10:19.227+05:30  INFO 268 --- [12-advanced-mappings-app] [Thread-5] com.zaxxer.hikari.HikariDataSource       : HikariPool-1 - Shutdown completed.
2024-08-29T16:10:19.408+05:30  INFO 268 --- [12-advanced-mappings-app] [restartedMain] com.aurionpro.mapping.Application        : Starting Application using Java 21.0.3 with PID 268 (D:\SpringAssignments\12-advanced-mappings-app\target\classes started by Suhas.Murthy in D:\SpringAssignments\12-advanced-mappings-app)
2024-08-29T16:10:19.408+05:30  INFO 268 --- [12-advanced-mappings-app] [restartedMain] com.aurionpro.mapping.Application        : No active profile set, falling back to 1 default profile: "default"
2024-08-29T16:10:19.592+05:30  INFO 268 --- [12-advanced-mappings-app] [restartedMain] .s.d.r.c.RepositoryConfigurationDelegate : Bootstrapping Spring Data JPA repositories in DEFAULT mode.
2024-08-29T16:10:19.628+05:30  INFO 268 --- [12-advanced-mappings-app] [restartedMain] .s.d.r.c.RepositoryConfigurationDelegate : Finished Spring Data repository scanning in 35 ms. Found 3 JPA repository interfaces.
2024-08-29T16:10:19.713+05:30  INFO 268 --- [12-advanced-mappings-app] [restartedMain] o.s.b.w.embedded.tomcat.TomcatWebServer  : Tomcat initialized with port 8080 (http)
2024-08-29T16:10:19.714+05:30  INFO 268 --- [12-advanced-mappings-app] [restartedMain] o.apache.catalina.core.StandardService   : Starting service [Tomcat]
2024-08-29T16:10:19.715+05:30  INFO 268 --- [12-advanced-mappings-app] [restartedMain] o.apache.catalina.core.StandardEngine    : Starting Servlet engine: [Apache Tomcat/10.1.28]
2024-08-29T16:10:19.730+05:30  INFO 268 --- [12-advanced-mappings-app] [restartedMain] o.a.c.c.C.[Tomcat].[localhost].[/]       : Initializing Spring embedded WebApplicationContext
2024-08-29T16:10:19.730+05:30  INFO 268 --- [12-advanced-mappings-app] [restartedMain] w.s.c.ServletWebServerApplicationContext : Root WebApplicationContext: initialization completed in 320 ms
2024-08-29T16:10:19.783+05:30  INFO 268 --- [12-advanced-mappings-app] [restartedMain] o.hibernate.jpa.internal.util.LogHelper  : HHH000204: Processing PersistenceUnitInfo [name: default]
2024-08-29T16:10:19.785+05:30  INFO 268 --- [12-advanced-mappings-app] [restartedMain] o.h.c.internal.RegionFactoryInitiator    : HHH000026: Second-level cache disabled
2024-08-29T16:10:19.793+05:30  INFO 268 --- [12-advanced-mappings-app] [restartedMain] o.s.o.j.p.SpringPersistenceUnitInfo      : No LoadTimeWeaver setup: ignoring JPA class transformer
2024-08-29T16:10:19.793+05:30  INFO 268 --- [12-advanced-mappings-app] [restartedMain] com.zaxxer.hikari.HikariDataSource       : HikariPool-2 - Starting...
2024-08-29T16:10:19.810+05:30  INFO 268 --- [12-advanced-mappings-app] [restartedMain] com.zaxxer.hikari.pool.HikariPool        : HikariPool-2 - Added connection com.mysql.cj.jdbc.ConnectionImpl@15208bd
2024-08-29T16:10:19.811+05:30  INFO 268 --- [12-advanced-mappings-app] [restartedMain] com.zaxxer.hikari.HikariDataSource       : HikariPool-2 - Start completed.
2024-08-29T16:10:19.892+05:30  INFO 268 --- [12-advanced-mappings-app] [restartedMain] o.h.e.t.j.p.i.JtaPlatformInitiator       : HHH000489: No JTA platform available (set 'hibernate.transaction.jta.platform' to enable JTA platform integration)
2024-08-29T16:10:19.930+05:30  INFO 268 --- [12-advanced-mappings-app] [restartedMain] j.LocalContainerEntityManagerFactoryBean : Initialized JPA EntityManagerFactory for persistence unit 'default'
2024-08-29T16:10:20.016+05:30  WARN 268 --- [12-advanced-mappings-app] [restartedMain] JpaBaseConfiguration$JpaWebConfiguration : spring.jpa.open-in-view is enabled by default. Therefore, database queries may be performed during view rendering. Explicitly configure spring.jpa.open-in-view to disable this warning
2024-08-29T16:10:20.165+05:30  INFO 268 --- [12-advanced-mappings-app] [restartedMain] r$InitializeUserDetailsManagerConfigurer : Global AuthenticationManager configured with UserDetailsService bean with name inMemoryUserDetailsManager
2024-08-29T16:10:20.221+05:30  INFO 268 --- [12-advanced-mappings-app] [restartedMain] o.s.b.d.a.OptionalLiveReloadServer       : LiveReload server is running on port 35729
2024-08-29T16:10:20.247+05:30  INFO 268 --- [12-advanced-mappings-app] [restartedMain] o.s.b.w.embedded.tomcat.TomcatWebServer  : Tomcat started on port 8080 (http) with context path '/'
2024-08-29T16:10:20.253+05:30  INFO 268 --- [12-advanced-mappings-app] [restartedMain] com.aurionpro.mapping.Application        : Started Application in 0.875 seconds (process running for 413.917)
2024-08-29T16:10:20.257+05:30  INFO 268 --- [12-advanced-mappings-app] [restartedMain] .ConditionEvaluationDeltaLoggingListener : Condition evaluation unchanged
2024-08-29T16:10:29.615+05:30  INFO 268 --- [12-advanced-mappings-app] [http-nio-8080-exec-2] o.a.c.c.C.[Tomcat].[localhost].[/]       : Initializing Spring DispatcherServlet 'dispatcherServlet'
2024-08-29T16:10:29.616+05:30  INFO 268 --- [12-advanced-mappings-app] [http-nio-8080-exec-2] o.s.web.servlet.DispatcherServlet        : Initializing Servlet 'dispatcherServlet'
2024-08-29T16:10:29.618+05:30  INFO 268 --- [12-advanced-mappings-app] [http-nio-8080-exec-2] o.s.web.servlet.DispatcherServlet        : Completed initialization in 2 ms
2024-08-29T16:10:41.621+05:30  WARN 268 --- [12-advanced-mappings-app] [http-nio-8080-exec-4] ration$PageModule$WarningLoggingModifier : Serializing PageImpl instances as-is is not supported, meaning that there is no guarantee about the stability of the resulting JSON structure!
	For a stable JSON structure, please use Spring Data's PagedModel (globally via @EnableSpringDataWebSupport(pageSerializationMode = VIA_DTO))
	or Spring HATEOAS and Spring Data's PagedResourcesAssembler as documented in https://docs.spring.io/spring-data/commons/reference/repositories/core-extensions.html#core.web.pageables.

2024-08-29T16:12:32.089+05:30  INFO 268 --- [12-advanced-mappings-app] [RMI TCP Connection(12)-127.0.0.1] inMXBeanRegistrar$SpringApplicationAdmin : Application shutdown requested.
2024-08-29T16:12:32.105+05:30  INFO 268 --- [12-advanced-mappings-app] [RMI TCP Connection(12)-127.0.0.1] j.LocalContainerEntityManagerFactoryBean : Closing JPA EntityManagerFactory for persistence unit 'default'
2024-08-29T16:12:32.106+05:30  INFO 268 --- [12-advanced-mappings-app] [RMI TCP Connection(12)-127.0.0.1] com.zaxxer.hikari.HikariDataSource       : HikariPool-2 - Shutdown initiated...
2024-08-29T16:12:32.114+05:30  INFO 268 --- [12-advanced-mappings-app] [RMI TCP Connection(12)-127.0.0.1] com.zaxxer.hikari.HikariDataSource       : HikariPool-2 - Shutdown completed.
2024-08-29T16:12:40.685+05:30  INFO 23156 --- [12-advanced-mappings-app] [restartedMain] com.aurionpro.mapping.Application        : Starting Application using Java 21.0.3 with PID 23156 (D:\SpringAssignments\12-advanced-mappings-app\target\classes started by Suhas.Murthy in D:\SpringAssignments\12-advanced-mappings-app)
2024-08-29T16:12:40.687+05:30  INFO 23156 --- [12-advanced-mappings-app] [restartedMain] com.aurionpro.mapping.Application        : No active profile set, falling back to 1 default profile: "default"
2024-08-29T16:12:40.742+05:30  INFO 23156 --- [12-advanced-mappings-app] [restartedMain] .e.DevToolsPropertyDefaultsPostProcessor : Devtools property defaults active! Set 'spring.devtools.add-properties' to 'false' to disable
2024-08-29T16:12:40.742+05:30  INFO 23156 --- [12-advanced-mappings-app] [restartedMain] .e.DevToolsPropertyDefaultsPostProcessor : For additional web related logging consider setting the 'logging.level.web' property to 'DEBUG'
2024-08-29T16:12:41.411+05:30  INFO 23156 --- [12-advanced-mappings-app] [restartedMain] .s.d.r.c.RepositoryConfigurationDelegate : Bootstrapping Spring Data JPA repositories in DEFAULT mode.
2024-08-29T16:12:41.491+05:30  INFO 23156 --- [12-advanced-mappings-app] [restartedMain] .s.d.r.c.RepositoryConfigurationDelegate : Finished Spring Data repository scanning in 72 ms. Found 3 JPA repository interfaces.
2024-08-29T16:12:41.958+05:30  INFO 23156 --- [12-advanced-mappings-app] [restartedMain] o.s.b.w.embedded.tomcat.TomcatWebServer  : Tomcat initialized with port 8080 (http)
2024-08-29T16:12:41.970+05:30  INFO 23156 --- [12-advanced-mappings-app] [restartedMain] o.apache.catalina.core.StandardService   : Starting service [Tomcat]
2024-08-29T16:12:41.970+05:30  INFO 23156 --- [12-advanced-mappings-app] [restartedMain] o.apache.catalina.core.StandardEngine    : Starting Servlet engine: [Apache Tomcat/10.1.28]
2024-08-29T16:12:42.017+05:30  INFO 23156 --- [12-advanced-mappings-app] [restartedMain] o.a.c.c.C.[Tomcat].[localhost].[/]       : Initializing Spring embedded WebApplicationContext
2024-08-29T16:12:42.017+05:30  INFO 23156 --- [12-advanced-mappings-app] [restartedMain] w.s.c.ServletWebServerApplicationContext : Root WebApplicationContext: initialization completed in 1274 ms
2024-08-29T16:12:42.180+05:30  INFO 23156 --- [12-advanced-mappings-app] [restartedMain] o.hibernate.jpa.internal.util.LogHelper  : HHH000204: Processing PersistenceUnitInfo [name: default]
2024-08-29T16:12:42.231+05:30  INFO 23156 --- [12-advanced-mappings-app] [restartedMain] org.hibernate.Version                    : HHH000412: Hibernate ORM core version 6.5.2.Final
2024-08-29T16:12:42.261+05:30  INFO 23156 --- [12-advanced-mappings-app] [restartedMain] o.h.c.internal.RegionFactoryInitiator    : HHH000026: Second-level cache disabled
2024-08-29T16:12:42.531+05:30  INFO 23156 --- [12-advanced-mappings-app] [restartedMain] o.s.o.j.p.SpringPersistenceUnitInfo      : No LoadTimeWeaver setup: ignoring JPA class transformer
2024-08-29T16:12:42.556+05:30  INFO 23156 --- [12-advanced-mappings-app] [restartedMain] com.zaxxer.hikari.HikariDataSource       : HikariPool-1 - Starting...
2024-08-29T16:12:42.868+05:30  INFO 23156 --- [12-advanced-mappings-app] [restartedMain] com.zaxxer.hikari.pool.HikariPool        : HikariPool-1 - Added connection com.mysql.cj.jdbc.ConnectionImpl@38e23304
2024-08-29T16:12:42.872+05:30  INFO 23156 --- [12-advanced-mappings-app] [restartedMain] com.zaxxer.hikari.HikariDataSource       : HikariPool-1 - Start completed.
2024-08-29T16:12:43.785+05:30  INFO 23156 --- [12-advanced-mappings-app] [restartedMain] o.h.e.t.j.p.i.JtaPlatformInitiator       : HHH000489: No JTA platform available (set 'hibernate.transaction.jta.platform' to enable JTA platform integration)
2024-08-29T16:12:43.858+05:30  INFO 23156 --- [12-advanced-mappings-app] [restartedMain] j.LocalContainerEntityManagerFactoryBean : Initialized JPA EntityManagerFactory for persistence unit 'default'
2024-08-29T16:12:44.109+05:30  WARN 23156 --- [12-advanced-mappings-app] [restartedMain] JpaBaseConfiguration$JpaWebConfiguration : spring.jpa.open-in-view is enabled by default. Therefore, database queries may be performed during view rendering. Explicitly configure spring.jpa.open-in-view to disable this warning
2024-08-29T16:12:44.434+05:30  INFO 23156 --- [12-advanced-mappings-app] [restartedMain] r$InitializeUserDetailsManagerConfigurer : Global AuthenticationManager configured with UserDetailsService bean with name inMemoryUserDetailsManager
2024-08-29T16:12:44.656+05:30  INFO 23156 --- [12-advanced-mappings-app] [restartedMain] o.s.b.d.a.OptionalLiveReloadServer       : LiveReload server is running on port 35729
2024-08-29T16:12:44.764+05:30  INFO 23156 --- [12-advanced-mappings-app] [restartedMain] o.s.b.w.embedded.tomcat.TomcatWebServer  : Tomcat started on port 8080 (http) with context path '/'
2024-08-29T16:12:44.782+05:30  INFO 23156 --- [12-advanced-mappings-app] [restartedMain] com.aurionpro.mapping.Application        : Started Application in 4.466 seconds (process running for 5.343)
2024-08-29T16:12:49.716+05:30  INFO 23156 --- [12-advanced-mappings-app] [http-nio-8080-exec-1] o.a.c.c.C.[Tomcat].[localhost].[/]       : Initializing Spring DispatcherServlet 'dispatcherServlet'
2024-08-29T16:12:49.716+05:30  INFO 23156 --- [12-advanced-mappings-app] [http-nio-8080-exec-1] o.s.web.servlet.DispatcherServlet        : Initializing Servlet 'dispatcherServlet'
2024-08-29T16:12:49.718+05:30  INFO 23156 --- [12-advanced-mappings-app] [http-nio-8080-exec-1] o.s.web.servlet.DispatcherServlet        : Completed initialization in 2 ms
2024-08-29T16:12:50.209+05:30  WARN 23156 --- [12-advanced-mappings-app] [http-nio-8080-exec-1] ration$PageModule$WarningLoggingModifier : Serializing PageImpl instances as-is is not supported, meaning that there is no guarantee about the stability of the resulting JSON structure!
	For a stable JSON structure, please use Spring Data's PagedModel (globally via @EnableSpringDataWebSupport(pageSerializationMode = VIA_DTO))
	or Spring HATEOAS and Spring Data's PagedResourcesAssembler as documented in https://docs.spring.io/spring-data/commons/reference/repositories/core-extensions.html#core.web.pageables.

2024-08-29T16:14:15.700+05:30  INFO 23156 --- [12-advanced-mappings-app] [RMI TCP Connection(5)-127.0.0.1] inMXBeanRegistrar$SpringApplicationAdmin : Application shutdown requested.
2024-08-29T16:14:15.719+05:30  INFO 23156 --- [12-advanced-mappings-app] [RMI TCP Connection(5)-127.0.0.1] j.LocalContainerEntityManagerFactoryBean : Closing JPA EntityManagerFactory for persistence unit 'default'
2024-08-29T16:14:15.723+05:30  INFO 23156 --- [12-advanced-mappings-app] [RMI TCP Connection(5)-127.0.0.1] com.zaxxer.hikari.HikariDataSource       : HikariPool-1 - Shutdown initiated...
2024-08-29T16:14:15.733+05:30  INFO 23156 --- [12-advanced-mappings-app] [RMI TCP Connection(5)-127.0.0.1] com.zaxxer.hikari.HikariDataSource       : HikariPool-1 - Shutdown completed.
2024-08-29T16:14:25.098+05:30  INFO 12904 --- [12-advanced-mappings-app] [restartedMain] com.aurionpro.mapping.Application        : Starting Application using Java 21.0.3 with PID 12904 (D:\SpringAssignments\12-advanced-mappings-app\target\classes started by Suhas.Murthy in D:\SpringAssignments\12-advanced-mappings-app)
2024-08-29T16:14:25.102+05:30  INFO 12904 --- [12-advanced-mappings-app] [restartedMain] com.aurionpro.mapping.Application        : No active profile set, falling back to 1 default profile: "default"
2024-08-29T16:14:25.156+05:30  INFO 12904 --- [12-advanced-mappings-app] [restartedMain] .e.DevToolsPropertyDefaultsPostProcessor : Devtools property defaults active! Set 'spring.devtools.add-properties' to 'false' to disable
2024-08-29T16:14:25.157+05:30  INFO 12904 --- [12-advanced-mappings-app] [restartedMain] .e.DevToolsPropertyDefaultsPostProcessor : For additional web related logging consider setting the 'logging.level.web' property to 'DEBUG'
2024-08-29T16:14:25.965+05:30  INFO 12904 --- [12-advanced-mappings-app] [restartedMain] .s.d.r.c.RepositoryConfigurationDelegate : Bootstrapping Spring Data JPA repositories in DEFAULT mode.
2024-08-29T16:14:26.056+05:30  INFO 12904 --- [12-advanced-mappings-app] [restartedMain] .s.d.r.c.RepositoryConfigurationDelegate : Finished Spring Data repository scanning in 80 ms. Found 3 JPA repository interfaces.
2024-08-29T16:14:26.749+05:30  INFO 12904 --- [12-advanced-mappings-app] [restartedMain] o.s.b.w.embedded.tomcat.TomcatWebServer  : Tomcat initialized with port 8080 (http)
2024-08-29T16:14:26.767+05:30  INFO 12904 --- [12-advanced-mappings-app] [restartedMain] o.apache.catalina.core.StandardService   : Starting service [Tomcat]
2024-08-29T16:14:26.767+05:30  INFO 12904 --- [12-advanced-mappings-app] [restartedMain] o.apache.catalina.core.StandardEngine    : Starting Servlet engine: [Apache Tomcat/10.1.28]
2024-08-29T16:14:26.820+05:30  INFO 12904 --- [12-advanced-mappings-app] [restartedMain] o.a.c.c.C.[Tomcat].[localhost].[/]       : Initializing Spring embedded WebApplicationContext
2024-08-29T16:14:26.820+05:30  INFO 12904 --- [12-advanced-mappings-app] [restartedMain] w.s.c.ServletWebServerApplicationContext : Root WebApplicationContext: initialization completed in 1663 ms
2024-08-29T16:14:26.992+05:30  INFO 12904 --- [12-advanced-mappings-app] [restartedMain] o.hibernate.jpa.internal.util.LogHelper  : HHH000204: Processing PersistenceUnitInfo [name: default]
2024-08-29T16:14:27.055+05:30  INFO 12904 --- [12-advanced-mappings-app] [restartedMain] org.hibernate.Version                    : HHH000412: Hibernate ORM core version 6.5.2.Final
2024-08-29T16:14:27.088+05:30  INFO 12904 --- [12-advanced-mappings-app] [restartedMain] o.h.c.internal.RegionFactoryInitiator    : HHH000026: Second-level cache disabled
2024-08-29T16:14:27.459+05:30  INFO 12904 --- [12-advanced-mappings-app] [restartedMain] o.s.o.j.p.SpringPersistenceUnitInfo      : No LoadTimeWeaver setup: ignoring JPA class transformer
2024-08-29T16:14:27.517+05:30  INFO 12904 --- [12-advanced-mappings-app] [restartedMain] com.zaxxer.hikari.HikariDataSource       : HikariPool-1 - Starting...
2024-08-29T16:14:28.351+05:30  INFO 12904 --- [12-advanced-mappings-app] [restartedMain] com.zaxxer.hikari.pool.HikariPool        : HikariPool-1 - Added connection com.mysql.cj.jdbc.ConnectionImpl@45f17184
2024-08-29T16:14:28.359+05:30  INFO 12904 --- [12-advanced-mappings-app] [restartedMain] com.zaxxer.hikari.HikariDataSource       : HikariPool-1 - Start completed.
2024-08-29T16:14:30.490+05:30  INFO 12904 --- [12-advanced-mappings-app] [restartedMain] o.h.e.t.j.p.i.JtaPlatformInitiator       : HHH000489: No JTA platform available (set 'hibernate.transaction.jta.platform' to enable JTA platform integration)
2024-08-29T16:14:30.634+05:30  INFO 12904 --- [12-advanced-mappings-app] [restartedMain] j.LocalContainerEntityManagerFactoryBean : Initialized JPA EntityManagerFactory for persistence unit 'default'
2024-08-29T16:14:31.265+05:30  WARN 12904 --- [12-advanced-mappings-app] [restartedMain] JpaBaseConfiguration$JpaWebConfiguration : spring.jpa.open-in-view is enabled by default. Therefore, database queries may be performed during view rendering. Explicitly configure spring.jpa.open-in-view to disable this warning
2024-08-29T16:14:32.055+05:30  INFO 12904 --- [12-advanced-mappings-app] [restartedMain] r$InitializeUserDetailsManagerConfigurer : Global AuthenticationManager configured with UserDetailsService bean with name inMemoryUserDetailsManager
2024-08-29T16:14:32.371+05:30  INFO 12904 --- [12-advanced-mappings-app] [restartedMain] o.s.b.d.a.OptionalLiveReloadServer       : LiveReload server is running on port 35729
2024-08-29T16:14:32.442+05:30  INFO 12904 --- [12-advanced-mappings-app] [restartedMain] o.s.b.w.embedded.tomcat.TomcatWebServer  : Tomcat started on port 8080 (http) with context path '/'
2024-08-29T16:14:32.461+05:30  INFO 12904 --- [12-advanced-mappings-app] [restartedMain] com.aurionpro.mapping.Application        : Started Application in 7.8 seconds (process running for 8.521)
2024-08-29T16:14:36.670+05:30  INFO 12904 --- [12-advanced-mappings-app] [http-nio-8080-exec-1] o.a.c.c.C.[Tomcat].[localhost].[/]       : Initializing Spring DispatcherServlet 'dispatcherServlet'
2024-08-29T16:14:36.670+05:30  INFO 12904 --- [12-advanced-mappings-app] [http-nio-8080-exec-1] o.s.web.servlet.DispatcherServlet        : Initializing Servlet 'dispatcherServlet'
2024-08-29T16:14:36.674+05:30  INFO 12904 --- [12-advanced-mappings-app] [http-nio-8080-exec-1] o.s.web.servlet.DispatcherServlet        : Completed initialization in 4 ms
2024-08-29T16:14:44.005+05:30  WARN 12904 --- [12-advanced-mappings-app] [http-nio-8080-exec-4] ration$PageModule$WarningLoggingModifier : Serializing PageImpl instances as-is is not supported, meaning that there is no guarantee about the stability of the resulting JSON structure!
	For a stable JSON structure, please use Spring Data's PagedModel (globally via @EnableSpringDataWebSupport(pageSerializationMode = VIA_DTO))
	or Spring HATEOAS and Spring Data's PagedResourcesAssembler as documented in https://docs.spring.io/spring-data/commons/reference/repositories/core-extensions.html#core.web.pageables.

2024-08-29T16:15:05.974+05:30  INFO 23652 --- [12-advanced-mappings-app] [restartedMain] com.aurionpro.mapping.Application        : Starting Application using Java 21.0.3 with PID 23652 (D:\SpringAssignments\12-advanced-mappings-app\target\classes started by Suhas.Murthy in D:\SpringAssignments\12-advanced-mappings-app)
2024-08-29T16:15:05.977+05:30  INFO 23652 --- [12-advanced-mappings-app] [restartedMain] com.aurionpro.mapping.Application        : No active profile set, falling back to 1 default profile: "default"
2024-08-29T16:15:06.027+05:30  INFO 23652 --- [12-advanced-mappings-app] [restartedMain] .e.DevToolsPropertyDefaultsPostProcessor : Devtools property defaults active! Set 'spring.devtools.add-properties' to 'false' to disable
2024-08-29T16:15:06.027+05:30  INFO 23652 --- [12-advanced-mappings-app] [restartedMain] .e.DevToolsPropertyDefaultsPostProcessor : For additional web related logging consider setting the 'logging.level.web' property to 'DEBUG'
2024-08-29T16:15:06.877+05:30  INFO 23652 --- [12-advanced-mappings-app] [restartedMain] .s.d.r.c.RepositoryConfigurationDelegate : Bootstrapping Spring Data JPA repositories in DEFAULT mode.
2024-08-29T16:15:06.983+05:30  INFO 23652 --- [12-advanced-mappings-app] [restartedMain] .s.d.r.c.RepositoryConfigurationDelegate : Finished Spring Data repository scanning in 94 ms. Found 3 JPA repository interfaces.
2024-08-29T16:15:07.880+05:30  INFO 23652 --- [12-advanced-mappings-app] [restartedMain] o.s.b.w.embedded.tomcat.TomcatWebServer  : Tomcat initialized with port 8080 (http)
2024-08-29T16:15:07.917+05:30  INFO 23652 --- [12-advanced-mappings-app] [restartedMain] o.apache.catalina.core.StandardService   : Starting service [Tomcat]
2024-08-29T16:15:07.918+05:30  INFO 23652 --- [12-advanced-mappings-app] [restartedMain] o.apache.catalina.core.StandardEngine    : Starting Servlet engine: [Apache Tomcat/10.1.28]
2024-08-29T16:15:08.042+05:30  INFO 23652 --- [12-advanced-mappings-app] [restartedMain] o.a.c.c.C.[Tomcat].[localhost].[/]       : Initializing Spring embedded WebApplicationContext
2024-08-29T16:15:08.042+05:30  INFO 23652 --- [12-advanced-mappings-app] [restartedMain] w.s.c.ServletWebServerApplicationContext : Root WebApplicationContext: initialization completed in 2014 ms
2024-08-29T16:15:08.411+05:30  INFO 23652 --- [12-advanced-mappings-app] [restartedMain] o.hibernate.jpa.internal.util.LogHelper  : HHH000204: Processing PersistenceUnitInfo [name: default]
2024-08-29T16:15:08.536+05:30  INFO 23652 --- [12-advanced-mappings-app] [restartedMain] org.hibernate.Version                    : HHH000412: Hibernate ORM core version 6.5.2.Final
2024-08-29T16:15:08.612+05:30  INFO 23652 --- [12-advanced-mappings-app] [restartedMain] o.h.c.internal.RegionFactoryInitiator    : HHH000026: Second-level cache disabled
2024-08-29T16:15:09.281+05:30  INFO 23652 --- [12-advanced-mappings-app] [restartedMain] o.s.o.j.p.SpringPersistenceUnitInfo      : No LoadTimeWeaver setup: ignoring JPA class transformer
2024-08-29T16:15:09.335+05:30  INFO 23652 --- [12-advanced-mappings-app] [restartedMain] com.zaxxer.hikari.HikariDataSource       : HikariPool-1 - Starting...
2024-08-29T16:15:10.161+05:30  INFO 23652 --- [12-advanced-mappings-app] [restartedMain] com.zaxxer.hikari.pool.HikariPool        : HikariPool-1 - Added connection com.mysql.cj.jdbc.ConnectionImpl@21feb19d
2024-08-29T16:15:10.166+05:30  INFO 23652 --- [12-advanced-mappings-app] [restartedMain] com.zaxxer.hikari.HikariDataSource       : HikariPool-1 - Start completed.
2024-08-29T16:15:12.257+05:30  INFO 23652 --- [12-advanced-mappings-app] [restartedMain] o.h.e.t.j.p.i.JtaPlatformInitiator       : HHH000489: No JTA platform available (set 'hibernate.transaction.jta.platform' to enable JTA platform integration)
2024-08-29T16:15:12.388+05:30  INFO 23652 --- [12-advanced-mappings-app] [restartedMain] j.LocalContainerEntityManagerFactoryBean : Initialized JPA EntityManagerFactory for persistence unit 'default'
2024-08-29T16:15:13.045+05:30  WARN 23652 --- [12-advanced-mappings-app] [restartedMain] JpaBaseConfiguration$JpaWebConfiguration : spring.jpa.open-in-view is enabled by default. Therefore, database queries may be performed during view rendering. Explicitly configure spring.jpa.open-in-view to disable this warning
2024-08-29T16:15:13.822+05:30  INFO 23652 --- [12-advanced-mappings-app] [restartedMain] r$InitializeUserDetailsManagerConfigurer : Global AuthenticationManager configured with UserDetailsService bean with name inMemoryUserDetailsManager
2024-08-29T16:15:14.181+05:30  INFO 23652 --- [12-advanced-mappings-app] [restartedMain] o.s.b.d.a.OptionalLiveReloadServer       : LiveReload server is running on port 35729
2024-08-29T16:15:14.319+05:30  INFO 23652 --- [12-advanced-mappings-app] [restartedMain] o.s.b.w.embedded.tomcat.TomcatWebServer  : Tomcat started on port 8080 (http) with context path '/'
2024-08-29T16:15:14.340+05:30  INFO 23652 --- [12-advanced-mappings-app] [restartedMain] com.aurionpro.mapping.Application        : Started Application in 8.854 seconds (process running for 9.571)
2024-08-29T16:15:29.259+05:30  INFO 23652 --- [12-advanced-mappings-app] [http-nio-8080-exec-1] o.a.c.c.C.[Tomcat].[localhost].[/]       : Initializing Spring DispatcherServlet 'dispatcherServlet'
2024-08-29T16:15:29.259+05:30  INFO 23652 --- [12-advanced-mappings-app] [http-nio-8080-exec-1] o.s.web.servlet.DispatcherServlet        : Initializing Servlet 'dispatcherServlet'
2024-08-29T16:15:29.263+05:30  INFO 23652 --- [12-advanced-mappings-app] [http-nio-8080-exec-1] o.s.web.servlet.DispatcherServlet        : Completed initialization in 3 ms
