2024-09-10T00:06:55.885+05:30  WARN 22984 --- [25-mini-project-spring-banking-security-v3] [http-nio-8080-exec-9] .m.m.a.ExceptionHandlerExceptionResolver : Resolved [org.springframework.security.authorization.AuthorizationDeniedException: Access Denied]
2024-09-10T00:07:22.249+05:30  INFO 22984 --- [25-mini-project-spring-banking-security-v3] [http-nio-8080-exec-10] com.aurionpro.bank.service.AuthService   : Login attempt for username: Admin1@gmail.com
2024-09-10T00:07:22.705+05:30  INFO 22984 --- [25-mini-project-spring-banking-security-v3] [http-nio-8080-exec-10] com.aurionpro.bank.service.AuthService   : Authentication successful for username: Admin1@gmail.com
2024-09-10T00:07:22.708+05:30  INFO 22984 --- [25-mini-project-spring-banking-security-v3] [http-nio-8080-exec-10] com.aurionpro.bank.service.AuthService   : Token generated for username: Admin1@gmail.com
2024-09-10T00:07:44.066+05:30  INFO 22984 --- [25-mini-project-spring-banking-security-v3] [http-nio-8080-exec-2] com.aurionpro.bank.service.AuthService   : Attempting to register user with username: 
2024-09-10T00:07:44.365+05:30  INFO 22984 --- [25-mini-project-spring-banking-security-v3] [http-nio-8080-exec-2] com.aurionpro.bank.service.AuthService   : User entity created for username: 
2024-09-10T00:07:44.366+05:30  INFO 22984 --- [25-mini-project-spring-banking-security-v3] [http-nio-8080-exec-2] com.aurionpro.bank.service.AuthService   : Roles assigned to user: ROLE_CUSTOMER
2024-09-10T00:07:44.370+05:30  INFO 22984 --- [25-mini-project-spring-banking-security-v3] [http-nio-8080-exec-2] com.aurionpro.bank.service.AuthService   : Customer entity created with name: Frost AirServices
2024-09-10T00:07:44.371+05:30  INFO 22984 --- [25-mini-project-spring-banking-security-v3] [http-nio-8080-exec-2] com.aurionpro.bank.service.AuthService   : Saving user and customer to the database...
2024-09-10T00:07:44.501+05:30  WARN 22984 --- [25-mini-project-spring-banking-security-v3] [http-nio-8080-exec-2] .m.m.a.ExceptionHandlerExceptionResolver : Resolved [jakarta.validation.ConstraintViolationException: Validation failed for classes [com.aurionpro.bank.entity.User] during persist time for groups [jakarta.validation.groups.Default, ]<EOL>List of constraint violations:[<EOL>?ConstraintViolationImpl{interpolatedMessage='Invalid email address, email should contain @, . , with proper domain name', propertyPath=username, rootBeanClass=class com.aurionpro.bank.entity.User, messageTemplate='Invalid email address, email should contain @, . , with proper domain name'}<EOL>?ConstraintViolationImpl{interpolatedMessage='Username is mandatory', propertyPath=username, rootBeanClass=class com.aurionpro.bank.entity.User, messageTemplate='Username is mandatory'}<EOL>]]
2024-09-10T00:08:05.316+05:30  INFO 22984 --- [25-mini-project-spring-banking-security-v3] [http-nio-8080-exec-3] com.aurionpro.bank.service.AuthService   : Attempting to register user with username: 
2024-09-10T00:08:05.541+05:30  INFO 22984 --- [25-mini-project-spring-banking-security-v3] [http-nio-8080-exec-3] com.aurionpro.bank.service.AuthService   : User entity created for username: 
2024-09-10T00:08:05.542+05:30  INFO 22984 --- [25-mini-project-spring-banking-security-v3] [http-nio-8080-exec-3] com.aurionpro.bank.service.AuthService   : Roles assigned to user: ROLE_CUSTOMER
2024-09-10T00:08:05.546+05:30  INFO 22984 --- [25-mini-project-spring-banking-security-v3] [http-nio-8080-exec-3] com.aurionpro.bank.service.AuthService   : Customer entity created with name:  AirServices
2024-09-10T00:08:05.546+05:30  INFO 22984 --- [25-mini-project-spring-banking-security-v3] [http-nio-8080-exec-3] com.aurionpro.bank.service.AuthService   : Saving user and customer to the database...
2024-09-10T00:08:05.551+05:30  WARN 22984 --- [25-mini-project-spring-banking-security-v3] [http-nio-8080-exec-3] .m.m.a.ExceptionHandlerExceptionResolver : Resolved [jakarta.validation.ConstraintViolationException: Validation failed for classes [com.aurionpro.bank.entity.User] during persist time for groups [jakarta.validation.groups.Default, ]<EOL>List of constraint violations:[<EOL>?ConstraintViolationImpl{interpolatedMessage='Invalid email address, email should contain @, . , with proper domain name', propertyPath=username, rootBeanClass=class com.aurionpro.bank.entity.User, messageTemplate='Invalid email address, email should contain @, . , with proper domain name'}<EOL>?ConstraintViolationImpl{interpolatedMessage='Username is mandatory', propertyPath=username, rootBeanClass=class com.aurionpro.bank.entity.User, messageTemplate='Username is mandatory'}<EOL>]]
2024-09-10T00:08:16.794+05:30  INFO 22984 --- [25-mini-project-spring-banking-security-v3] [http-nio-8080-exec-6] com.aurionpro.bank.service.AuthService   : Attempting to register user with username: frost@gmail.com
2024-09-10T00:08:17.022+05:30  INFO 22984 --- [25-mini-project-spring-banking-security-v3] [http-nio-8080-exec-6] com.aurionpro.bank.service.AuthService   : User entity created for username: frost@gmail.com
2024-09-10T00:08:17.022+05:30  INFO 22984 --- [25-mini-project-spring-banking-security-v3] [http-nio-8080-exec-6] com.aurionpro.bank.service.AuthService   : Roles assigned to user: ROLE_CUSTOMER
2024-09-10T00:08:17.025+05:30  INFO 22984 --- [25-mini-project-spring-banking-security-v3] [http-nio-8080-exec-6] com.aurionpro.bank.service.AuthService   : Customer entity created with name:  AirServices
2024-09-10T00:08:17.025+05:30  INFO 22984 --- [25-mini-project-spring-banking-security-v3] [http-nio-8080-exec-6] com.aurionpro.bank.service.AuthService   : Saving user and customer to the database...
2024-09-10T00:08:17.164+05:30  WARN 22984 --- [25-mini-project-spring-banking-security-v3] [http-nio-8080-exec-6] .m.m.a.ExceptionHandlerExceptionResolver : Resolved [jakarta.validation.ConstraintViolationException: Validation failed for classes [com.aurionpro.bank.entity.Customer] during persist time for groups [jakarta.validation.groups.Default, ]<EOL>List of constraint violations:[<EOL>?ConstraintViolationImpl{interpolatedMessage='First name is mandatory', propertyPath=customerFirstName, rootBeanClass=class com.aurionpro.bank.entity.Customer, messageTemplate='First name is mandatory'}<EOL>]]
2024-09-10T00:11:49.031+05:30  INFO 22984 --- [25-mini-project-spring-banking-security-v3] [File Watcher] rtingClassPathChangeChangedEventListener : Restarting due to 1 class path change (0 additions, 0 deletions, 1 modification)
2024-09-10T00:11:49.051+05:30  INFO 22984 --- [25-mini-project-spring-banking-security-v3] [Thread-101] j.LocalContainerEntityManagerFactoryBean : Closing JPA EntityManagerFactory for persistence unit 'default'
2024-09-10T00:11:49.051+05:30  INFO 22984 --- [25-mini-project-spring-banking-security-v3] [Thread-101] com.zaxxer.hikari.HikariDataSource       : HikariPool-27 - Shutdown initiated...
2024-09-10T00:11:49.059+05:30  INFO 22984 --- [25-mini-project-spring-banking-security-v3] [Thread-101] com.zaxxer.hikari.HikariDataSource       : HikariPool-27 - Shutdown completed.
2024-09-10T00:11:49.204+05:30  INFO 22984 --- [25-mini-project-spring-banking-security-v3] [restartedMain] com.aurionpro.bank.Application           : Starting Application using Java 21.0.3 with PID 22984 (D:\SpringAssignments\25-mini-project-spring-banking-security-v3\target\classes started by Suhas.Murthy in D:\SpringAssignments\25-mini-project-spring-banking-security-v3)
2024-09-10T00:11:49.204+05:30  INFO 22984 --- [25-mini-project-spring-banking-security-v3] [restartedMain] com.aurionpro.bank.Application           : No active profile set, falling back to 1 default profile: "default"
2024-09-10T00:11:49.514+05:30  INFO 22984 --- [25-mini-project-spring-banking-security-v3] [restartedMain] .s.d.r.c.RepositoryConfigurationDelegate : Bootstrapping Spring Data JPA repositories in DEFAULT mode.
2024-09-10T00:11:49.573+05:30  INFO 22984 --- [25-mini-project-spring-banking-security-v3] [restartedMain] .s.d.r.c.RepositoryConfigurationDelegate : Finished Spring Data repository scanning in 58 ms. Found 6 JPA repository interfaces.
2024-09-10T00:11:49.726+05:30  INFO 22984 --- [25-mini-project-spring-banking-security-v3] [restartedMain] o.s.b.w.embedded.tomcat.TomcatWebServer  : Tomcat initialized with port 8080 (http)
2024-09-10T00:11:49.728+05:30  INFO 22984 --- [25-mini-project-spring-banking-security-v3] [restartedMain] o.apache.catalina.core.StandardService   : Starting service [Tomcat]
2024-09-10T00:11:49.728+05:30  INFO 22984 --- [25-mini-project-spring-banking-security-v3] [restartedMain] o.apache.catalina.core.StandardEngine    : Starting Servlet engine: [Apache Tomcat/10.1.28]
2024-09-10T00:11:49.753+05:30  INFO 22984 --- [25-mini-project-spring-banking-security-v3] [restartedMain] o.a.c.c.C.[Tomcat-6].[localhost].[/]     : Initializing Spring embedded WebApplicationContext
2024-09-10T00:11:49.753+05:30  INFO 22984 --- [25-mini-project-spring-banking-security-v3] [restartedMain] w.s.c.ServletWebServerApplicationContext : Root WebApplicationContext: initialization completed in 547 ms
2024-09-10T00:11:49.816+05:30  INFO 22984 --- [25-mini-project-spring-banking-security-v3] [restartedMain] o.hibernate.jpa.internal.util.LogHelper  : HHH000204: Processing PersistenceUnitInfo [name: default]
2024-09-10T00:11:49.819+05:30  INFO 22984 --- [25-mini-project-spring-banking-security-v3] [restartedMain] o.h.c.internal.RegionFactoryInitiator    : HHH000026: Second-level cache disabled
2024-09-10T00:11:49.839+05:30  INFO 22984 --- [25-mini-project-spring-banking-security-v3] [restartedMain] o.s.o.j.p.SpringPersistenceUnitInfo      : No LoadTimeWeaver setup: ignoring JPA class transformer
2024-09-10T00:11:49.840+05:30  INFO 22984 --- [25-mini-project-spring-banking-security-v3] [restartedMain] com.zaxxer.hikari.HikariDataSource       : HikariPool-28 - Starting...
2024-09-10T00:11:49.864+05:30  INFO 22984 --- [25-mini-project-spring-banking-security-v3] [restartedMain] com.zaxxer.hikari.pool.HikariPool        : HikariPool-28 - Added connection com.mysql.cj.jdbc.ConnectionImpl@7d21e8dd
2024-09-10T00:11:49.865+05:30  INFO 22984 --- [25-mini-project-spring-banking-security-v3] [restartedMain] com.zaxxer.hikari.HikariDataSource       : HikariPool-28 - Start completed.
2024-09-10T00:11:50.011+05:30  INFO 22984 --- [25-mini-project-spring-banking-security-v3] [restartedMain] o.h.e.t.j.p.i.JtaPlatformInitiator       : HHH000489: No JTA platform available (set 'hibernate.transaction.jta.platform' to enable JTA platform integration)
2024-09-10T00:11:50.054+05:30  INFO 22984 --- [25-mini-project-spring-banking-security-v3] [restartedMain] j.LocalContainerEntityManagerFactoryBean : Initialized JPA EntityManagerFactory for persistence unit 'default'
2024-09-10T00:11:50.259+05:30  INFO 22984 --- [25-mini-project-spring-banking-security-v3] [restartedMain] r$InitializeUserDetailsManagerConfigurer : Global AuthenticationManager configured with UserDetailsService bean with name customUserDetailsService
2024-09-10T00:11:50.343+05:30  WARN 22984 --- [25-mini-project-spring-banking-security-v3] [restartedMain] JpaBaseConfiguration$JpaWebConfiguration : spring.jpa.open-in-view is enabled by default. Therefore, database queries may be performed during view rendering. Explicitly configure spring.jpa.open-in-view to disable this warning
2024-09-10T00:11:50.679+05:30  INFO 22984 --- [25-mini-project-spring-banking-security-v3] [restartedMain] o.s.b.d.a.OptionalLiveReloadServer       : LiveReload server is running on port 35729
2024-09-10T00:11:50.696+05:30  INFO 22984 --- [25-mini-project-spring-banking-security-v3] [restartedMain] o.s.b.w.embedded.tomcat.TomcatWebServer  : Tomcat started on port 8080 (http) with context path '/'
2024-09-10T00:11:50.700+05:30  INFO 22984 --- [25-mini-project-spring-banking-security-v3] [restartedMain] com.aurionpro.bank.Application           : Started Application in 1.538 seconds (process running for 11500.368)
2024-09-10T00:11:50.701+05:30  INFO 22984 --- [25-mini-project-spring-banking-security-v3] [restartedMain] .ConditionEvaluationDeltaLoggingListener : Condition evaluation unchanged
2024-09-10T00:11:55.257+05:30  INFO 22984 --- [25-mini-project-spring-banking-security-v3] [http-nio-8080-exec-2] o.a.c.c.C.[Tomcat-6].[localhost].[/]     : Initializing Spring DispatcherServlet 'dispatcherServlet'
2024-09-10T00:11:55.257+05:30  INFO 22984 --- [25-mini-project-spring-banking-security-v3] [http-nio-8080-exec-2] o.s.web.servlet.DispatcherServlet        : Initializing Servlet 'dispatcherServlet'
2024-09-10T00:11:55.260+05:30  INFO 22984 --- [25-mini-project-spring-banking-security-v3] [http-nio-8080-exec-2] o.s.web.servlet.DispatcherServlet        : Completed initialization in 3 ms
2024-09-10T00:11:55.361+05:30  INFO 22984 --- [25-mini-project-spring-banking-security-v3] [http-nio-8080-exec-2] com.aurionpro.bank.service.AuthService   : Attempting to register user with username: frost@gmail.com
2024-09-10T00:11:55.369+05:30  WARN 22984 --- [25-mini-project-spring-banking-security-v3] [http-nio-8080-exec-2] com.aurionpro.bank.service.AuthService   : User registration failed: username frost@gmail.com already exists
2024-09-10T00:11:55.384+05:30  WARN 22984 --- [25-mini-project-spring-banking-security-v3] [http-nio-8080-exec-2] .m.m.a.ExceptionHandlerExceptionResolver : Resolved [UserApiException(status=400 BAD_REQUEST, message=User already exists)]
2024-09-10T00:12:18.085+05:30  INFO 22984 --- [25-mini-project-spring-banking-security-v3] [http-nio-8080-exec-4] com.aurionpro.bank.service.AuthService   : Attempting to register user with username: frost@gmail.com
2024-09-10T00:12:18.088+05:30  WARN 22984 --- [25-mini-project-spring-banking-security-v3] [http-nio-8080-exec-4] com.aurionpro.bank.service.AuthService   : User registration failed: username frost@gmail.com already exists
2024-09-10T00:12:18.091+05:30  WARN 22984 --- [25-mini-project-spring-banking-security-v3] [http-nio-8080-exec-4] .m.m.a.ExceptionHandlerExceptionResolver : Resolved [UserApiException(status=400 BAD_REQUEST, message=User already exists)]
2024-09-10T00:12:53.920+05:30  INFO 22984 --- [25-mini-project-spring-banking-security-v3] [File Watcher] rtingClassPathChangeChangedEventListener : Restarting due to 1 class path change (0 additions, 0 deletions, 1 modification)
2024-09-10T00:12:53.940+05:30  INFO 22984 --- [25-mini-project-spring-banking-security-v3] [Thread-105] j.LocalContainerEntityManagerFactoryBean : Closing JPA EntityManagerFactory for persistence unit 'default'
2024-09-10T00:12:53.940+05:30  INFO 22984 --- [25-mini-project-spring-banking-security-v3] [Thread-105] com.zaxxer.hikari.HikariDataSource       : HikariPool-28 - Shutdown initiated...
2024-09-10T00:12:53.949+05:30  INFO 22984 --- [25-mini-project-spring-banking-security-v3] [Thread-105] com.zaxxer.hikari.HikariDataSource       : HikariPool-28 - Shutdown completed.
2024-09-10T00:12:54.102+05:30  INFO 22984 --- [25-mini-project-spring-banking-security-v3] [restartedMain] com.aurionpro.bank.Application           : Starting Application using Java 21.0.3 with PID 22984 (D:\SpringAssignments\25-mini-project-spring-banking-security-v3\target\classes started by Suhas.Murthy in D:\SpringAssignments\25-mini-project-spring-banking-security-v3)
2024-09-10T00:12:54.102+05:30  INFO 22984 --- [25-mini-project-spring-banking-security-v3] [restartedMain] com.aurionpro.bank.Application           : No active profile set, falling back to 1 default profile: "default"
2024-09-10T00:12:54.368+05:30  INFO 22984 --- [25-mini-project-spring-banking-security-v3] [restartedMain] .s.d.r.c.RepositoryConfigurationDelegate : Bootstrapping Spring Data JPA repositories in DEFAULT mode.
2024-09-10T00:12:54.423+05:30  INFO 22984 --- [25-mini-project-spring-banking-security-v3] [restartedMain] .s.d.r.c.RepositoryConfigurationDelegate : Finished Spring Data repository scanning in 54 ms. Found 6 JPA repository interfaces.
2024-09-10T00:12:54.542+05:30  INFO 22984 --- [25-mini-project-spring-banking-security-v3] [restartedMain] o.s.b.w.embedded.tomcat.TomcatWebServer  : Tomcat initialized with port 8080 (http)
2024-09-10T00:12:54.543+05:30  INFO 22984 --- [25-mini-project-spring-banking-security-v3] [restartedMain] o.apache.catalina.core.StandardService   : Starting service [Tomcat]
2024-09-10T00:12:54.543+05:30  INFO 22984 --- [25-mini-project-spring-banking-security-v3] [restartedMain] o.apache.catalina.core.StandardEngine    : Starting Servlet engine: [Apache Tomcat/10.1.28]
2024-09-10T00:12:54.565+05:30  INFO 22984 --- [25-mini-project-spring-banking-security-v3] [restartedMain] o.a.c.c.C.[Tomcat-6].[localhost].[/]     : Initializing Spring embedded WebApplicationContext
2024-09-10T00:12:54.565+05:30  INFO 22984 --- [25-mini-project-spring-banking-security-v3] [restartedMain] w.s.c.ServletWebServerApplicationContext : Root WebApplicationContext: initialization completed in 462 ms
2024-09-10T00:12:54.633+05:30  INFO 22984 --- [25-mini-project-spring-banking-security-v3] [restartedMain] o.hibernate.jpa.internal.util.LogHelper  : HHH000204: Processing PersistenceUnitInfo [name: default]
2024-09-10T00:12:54.636+05:30  INFO 22984 --- [25-mini-project-spring-banking-security-v3] [restartedMain] o.h.c.internal.RegionFactoryInitiator    : HHH000026: Second-level cache disabled
2024-09-10T00:12:54.660+05:30  INFO 22984 --- [25-mini-project-spring-banking-security-v3] [restartedMain] o.s.o.j.p.SpringPersistenceUnitInfo      : No LoadTimeWeaver setup: ignoring JPA class transformer
2024-09-10T00:12:54.663+05:30  INFO 22984 --- [25-mini-project-spring-banking-security-v3] [restartedMain] com.zaxxer.hikari.HikariDataSource       : HikariPool-29 - Starting...
2024-09-10T00:12:54.684+05:30  INFO 22984 --- [25-mini-project-spring-banking-security-v3] [restartedMain] com.zaxxer.hikari.pool.HikariPool        : HikariPool-29 - Added connection com.mysql.cj.jdbc.ConnectionImpl@8510068
2024-09-10T00:12:54.684+05:30  INFO 22984 --- [25-mini-project-spring-banking-security-v3] [restartedMain] com.zaxxer.hikari.HikariDataSource       : HikariPool-29 - Start completed.
2024-09-10T00:12:54.811+05:30  INFO 22984 --- [25-mini-project-spring-banking-security-v3] [restartedMain] o.h.e.t.j.p.i.JtaPlatformInitiator       : HHH000489: No JTA platform available (set 'hibernate.transaction.jta.platform' to enable JTA platform integration)
2024-09-10T00:12:54.857+05:30  INFO 22984 --- [25-mini-project-spring-banking-security-v3] [restartedMain] j.LocalContainerEntityManagerFactoryBean : Initialized JPA EntityManagerFactory for persistence unit 'default'
2024-09-10T00:12:55.052+05:30  INFO 22984 --- [25-mini-project-spring-banking-security-v3] [restartedMain] r$InitializeUserDetailsManagerConfigurer : Global AuthenticationManager configured with UserDetailsService bean with name customUserDetailsService
2024-09-10T00:12:55.131+05:30  WARN 22984 --- [25-mini-project-spring-banking-security-v3] [restartedMain] JpaBaseConfiguration$JpaWebConfiguration : spring.jpa.open-in-view is enabled by default. Therefore, database queries may be performed during view rendering. Explicitly configure spring.jpa.open-in-view to disable this warning
2024-09-10T00:12:55.387+05:30  INFO 22984 --- [25-mini-project-spring-banking-security-v3] [restartedMain] o.s.b.d.a.OptionalLiveReloadServer       : LiveReload server is running on port 35729
2024-09-10T00:12:55.458+05:30  INFO 22984 --- [25-mini-project-spring-banking-security-v3] [restartedMain] o.s.b.w.embedded.tomcat.TomcatWebServer  : Tomcat started on port 8080 (http) with context path '/'
2024-09-10T00:12:55.462+05:30  INFO 22984 --- [25-mini-project-spring-banking-security-v3] [restartedMain] com.aurionpro.bank.Application           : Started Application in 1.399 seconds (process running for 11565.129)
2024-09-10T00:12:55.464+05:30  INFO 22984 --- [25-mini-project-spring-banking-security-v3] [restartedMain] .ConditionEvaluationDeltaLoggingListener : Condition evaluation unchanged
2024-09-10T00:13:50.243+05:30  INFO 22984 --- [25-mini-project-spring-banking-security-v3] [File Watcher] rtingClassPathChangeChangedEventListener : Restarting due to 1 class path change (0 additions, 0 deletions, 1 modification)
2024-09-10T00:13:50.260+05:30  INFO 22984 --- [25-mini-project-spring-banking-security-v3] [Thread-109] j.LocalContainerEntityManagerFactoryBean : Closing JPA EntityManagerFactory for persistence unit 'default'
2024-09-10T00:13:50.260+05:30  INFO 22984 --- [25-mini-project-spring-banking-security-v3] [Thread-109] com.zaxxer.hikari.HikariDataSource       : HikariPool-29 - Shutdown initiated...
2024-09-10T00:13:50.267+05:30  INFO 22984 --- [25-mini-project-spring-banking-security-v3] [Thread-109] com.zaxxer.hikari.HikariDataSource       : HikariPool-29 - Shutdown completed.
2024-09-10T00:13:50.401+05:30  INFO 22984 --- [25-mini-project-spring-banking-security-v3] [restartedMain] com.aurionpro.bank.Application           : Starting Application using Java 21.0.3 with PID 22984 (D:\SpringAssignments\25-mini-project-spring-banking-security-v3\target\classes started by Suhas.Murthy in D:\SpringAssignments\25-mini-project-spring-banking-security-v3)
2024-09-10T00:13:50.402+05:30  INFO 22984 --- [25-mini-project-spring-banking-security-v3] [restartedMain] com.aurionpro.bank.Application           : No active profile set, falling back to 1 default profile: "default"
2024-09-10T00:13:50.689+05:30  INFO 22984 --- [25-mini-project-spring-banking-security-v3] [restartedMain] .s.d.r.c.RepositoryConfigurationDelegate : Bootstrapping Spring Data JPA repositories in DEFAULT mode.
2024-09-10T00:13:50.741+05:30  INFO 22984 --- [25-mini-project-spring-banking-security-v3] [restartedMain] .s.d.r.c.RepositoryConfigurationDelegate : Finished Spring Data repository scanning in 51 ms. Found 6 JPA repository interfaces.
2024-09-10T00:13:50.865+05:30  INFO 22984 --- [25-mini-project-spring-banking-security-v3] [restartedMain] o.s.b.w.embedded.tomcat.TomcatWebServer  : Tomcat initialized with port 8080 (http)
2024-09-10T00:13:50.865+05:30  INFO 22984 --- [25-mini-project-spring-banking-security-v3] [restartedMain] o.apache.catalina.core.StandardService   : Starting service [Tomcat]
2024-09-10T00:13:50.866+05:30  INFO 22984 --- [25-mini-project-spring-banking-security-v3] [restartedMain] o.apache.catalina.core.StandardEngine    : Starting Servlet engine: [Apache Tomcat/10.1.28]
2024-09-10T00:13:50.956+05:30  INFO 22984 --- [25-mini-project-spring-banking-security-v3] [restartedMain] o.a.c.c.C.[Tomcat-6].[localhost].[/]     : Initializing Spring embedded WebApplicationContext
2024-09-10T00:13:50.956+05:30  INFO 22984 --- [25-mini-project-spring-banking-security-v3] [restartedMain] w.s.c.ServletWebServerApplicationContext : Root WebApplicationContext: initialization completed in 552 ms
2024-09-10T00:13:51.028+05:30  INFO 22984 --- [25-mini-project-spring-banking-security-v3] [restartedMain] o.hibernate.jpa.internal.util.LogHelper  : HHH000204: Processing PersistenceUnitInfo [name: default]
2024-09-10T00:13:51.032+05:30  INFO 22984 --- [25-mini-project-spring-banking-security-v3] [restartedMain] o.h.c.internal.RegionFactoryInitiator    : HHH000026: Second-level cache disabled
2024-09-10T00:13:51.037+05:30  INFO 22984 --- [25-mini-project-spring-banking-security-v3] [restartedMain] o.s.o.j.p.SpringPersistenceUnitInfo      : No LoadTimeWeaver setup: ignoring JPA class transformer
2024-09-10T00:13:51.039+05:30  INFO 22984 --- [25-mini-project-spring-banking-security-v3] [restartedMain] com.zaxxer.hikari.HikariDataSource       : HikariPool-30 - Starting...
2024-09-10T00:13:51.058+05:30  INFO 22984 --- [25-mini-project-spring-banking-security-v3] [restartedMain] com.zaxxer.hikari.pool.HikariPool        : HikariPool-30 - Added connection com.mysql.cj.jdbc.ConnectionImpl@1cf47802
2024-09-10T00:13:51.058+05:30  INFO 22984 --- [25-mini-project-spring-banking-security-v3] [restartedMain] com.zaxxer.hikari.HikariDataSource       : HikariPool-30 - Start completed.
2024-09-10T00:13:51.190+05:30  INFO 22984 --- [25-mini-project-spring-banking-security-v3] [restartedMain] o.h.e.t.j.p.i.JtaPlatformInitiator       : HHH000489: No JTA platform available (set 'hibernate.transaction.jta.platform' to enable JTA platform integration)
2024-09-10T00:13:51.237+05:30  INFO 22984 --- [25-mini-project-spring-banking-security-v3] [restartedMain] j.LocalContainerEntityManagerFactoryBean : Initialized JPA EntityManagerFactory for persistence unit 'default'
2024-09-10T00:13:51.476+05:30  INFO 22984 --- [25-mini-project-spring-banking-security-v3] [restartedMain] r$InitializeUserDetailsManagerConfigurer : Global AuthenticationManager configured with UserDetailsService bean with name customUserDetailsService
2024-09-10T00:13:51.577+05:30  WARN 22984 --- [25-mini-project-spring-banking-security-v3] [restartedMain] JpaBaseConfiguration$JpaWebConfiguration : spring.jpa.open-in-view is enabled by default. Therefore, database queries may be performed during view rendering. Explicitly configure spring.jpa.open-in-view to disable this warning
2024-09-10T00:13:51.857+05:30  INFO 22984 --- [25-mini-project-spring-banking-security-v3] [restartedMain] o.s.b.d.a.OptionalLiveReloadServer       : LiveReload server is running on port 35729
2024-09-10T00:13:51.872+05:30  INFO 22984 --- [25-mini-project-spring-banking-security-v3] [restartedMain] o.s.b.w.embedded.tomcat.TomcatWebServer  : Tomcat started on port 8080 (http) with context path '/'
2024-09-10T00:13:51.877+05:30  INFO 22984 --- [25-mini-project-spring-banking-security-v3] [restartedMain] com.aurionpro.bank.Application           : Started Application in 1.512 seconds (process running for 11621.544)
2024-09-10T00:13:51.878+05:30  INFO 22984 --- [25-mini-project-spring-banking-security-v3] [restartedMain] .ConditionEvaluationDeltaLoggingListener : Condition evaluation unchanged
2024-09-10T00:13:54.660+05:30  INFO 22984 --- [25-mini-project-spring-banking-security-v3] [RMI TCP Connection(125)-127.0.0.1] inMXBeanRegistrar$SpringApplicationAdmin : Application shutdown requested.
2024-09-10T00:13:54.675+05:30  INFO 22984 --- [25-mini-project-spring-banking-security-v3] [RMI TCP Connection(125)-127.0.0.1] j.LocalContainerEntityManagerFactoryBean : Closing JPA EntityManagerFactory for persistence unit 'default'
2024-09-10T00:13:54.676+05:30  INFO 22984 --- [25-mini-project-spring-banking-security-v3] [RMI TCP Connection(125)-127.0.0.1] com.zaxxer.hikari.HikariDataSource       : HikariPool-30 - Shutdown initiated...
2024-09-10T00:13:54.695+05:30  INFO 22984 --- [25-mini-project-spring-banking-security-v3] [RMI TCP Connection(125)-127.0.0.1] com.zaxxer.hikari.HikariDataSource       : HikariPool-30 - Shutdown completed.
2024-09-10T11:29:46.742+05:30  INFO 2204 --- [25-mini-project-spring-banking-security-v3] [restartedMain] com.aurionpro.bank.Application           : Starting Application using Java 21.0.3 with PID 2204 (D:\SpringAssignments\25-mini-project-spring-banking-security-v3\target\classes started by Suhas.Murthy in D:\SpringAssignments\25-mini-project-spring-banking-security-v3)
2024-09-10T11:29:46.744+05:30  INFO 2204 --- [25-mini-project-spring-banking-security-v3] [restartedMain] com.aurionpro.bank.Application           : No active profile set, falling back to 1 default profile: "default"
2024-09-10T11:29:46.806+05:30  INFO 2204 --- [25-mini-project-spring-banking-security-v3] [restartedMain] .e.DevToolsPropertyDefaultsPostProcessor : Devtools property defaults active! Set 'spring.devtools.add-properties' to 'false' to disable
2024-09-10T11:29:46.806+05:30  INFO 2204 --- [25-mini-project-spring-banking-security-v3] [restartedMain] .e.DevToolsPropertyDefaultsPostProcessor : For additional web related logging consider setting the 'logging.level.web' property to 'DEBUG'
2024-09-10T11:29:47.886+05:30  INFO 2204 --- [25-mini-project-spring-banking-security-v3] [restartedMain] .s.d.r.c.RepositoryConfigurationDelegate : Bootstrapping Spring Data JPA repositories in DEFAULT mode.
2024-09-10T11:29:48.009+05:30  INFO 2204 --- [25-mini-project-spring-banking-security-v3] [restartedMain] .s.d.r.c.RepositoryConfigurationDelegate : Finished Spring Data repository scanning in 109 ms. Found 6 JPA repository interfaces.
2024-09-10T11:29:48.776+05:30  INFO 2204 --- [25-mini-project-spring-banking-security-v3] [restartedMain] o.s.b.w.embedded.tomcat.TomcatWebServer  : Tomcat initialized with port 8080 (http)
2024-09-10T11:29:48.799+05:30  INFO 2204 --- [25-mini-project-spring-banking-security-v3] [restartedMain] o.apache.catalina.core.StandardService   : Starting service [Tomcat]
2024-09-10T11:29:48.800+05:30  INFO 2204 --- [25-mini-project-spring-banking-security-v3] [restartedMain] o.apache.catalina.core.StandardEngine    : Starting Servlet engine: [Apache Tomcat/10.1.28]
2024-09-10T11:29:48.909+05:30  INFO 2204 --- [25-mini-project-spring-banking-security-v3] [restartedMain] o.a.c.c.C.[Tomcat].[localhost].[/]       : Initializing Spring embedded WebApplicationContext
2024-09-10T11:29:48.910+05:30  INFO 2204 --- [25-mini-project-spring-banking-security-v3] [restartedMain] w.s.c.ServletWebServerApplicationContext : Root WebApplicationContext: initialization completed in 2103 ms
2024-09-10T11:29:49.141+05:30  INFO 2204 --- [25-mini-project-spring-banking-security-v3] [restartedMain] o.hibernate.jpa.internal.util.LogHelper  : HHH000204: Processing PersistenceUnitInfo [name: default]
2024-09-10T11:29:49.213+05:30  INFO 2204 --- [25-mini-project-spring-banking-security-v3] [restartedMain] org.hibernate.Version                    : HHH000412: Hibernate ORM core version 6.5.2.Final
2024-09-10T11:29:49.263+05:30  INFO 2204 --- [25-mini-project-spring-banking-security-v3] [restartedMain] o.h.c.internal.RegionFactoryInitiator    : HHH000026: Second-level cache disabled
2024-09-10T11:29:49.640+05:30  INFO 2204 --- [25-mini-project-spring-banking-security-v3] [restartedMain] o.s.o.j.p.SpringPersistenceUnitInfo      : No LoadTimeWeaver setup: ignoring JPA class transformer
2024-09-10T11:29:49.682+05:30  INFO 2204 --- [25-mini-project-spring-banking-security-v3] [restartedMain] com.zaxxer.hikari.HikariDataSource       : HikariPool-1 - Starting...
2024-09-10T11:29:50.137+05:30  INFO 2204 --- [25-mini-project-spring-banking-security-v3] [restartedMain] com.zaxxer.hikari.pool.HikariPool        : HikariPool-1 - Added connection com.mysql.cj.jdbc.ConnectionImpl@4df97a69
2024-09-10T11:29:50.140+05:30  INFO 2204 --- [25-mini-project-spring-banking-security-v3] [restartedMain] com.zaxxer.hikari.HikariDataSource       : HikariPool-1 - Start completed.
2024-09-10T11:29:51.530+05:30  INFO 2204 --- [25-mini-project-spring-banking-security-v3] [restartedMain] o.h.e.t.j.p.i.JtaPlatformInitiator       : HHH000489: No JTA platform available (set 'hibernate.transaction.jta.platform' to enable JTA platform integration)
2024-09-10T11:29:51.655+05:30  INFO 2204 --- [25-mini-project-spring-banking-security-v3] [restartedMain] j.LocalContainerEntityManagerFactoryBean : Initialized JPA EntityManagerFactory for persistence unit 'default'
2024-09-10T11:29:52.305+05:30  INFO 2204 --- [25-mini-project-spring-banking-security-v3] [restartedMain] r$InitializeUserDetailsManagerConfigurer : Global AuthenticationManager configured with UserDetailsService bean with name customUserDetailsService
2024-09-10T11:29:52.518+05:30  WARN 2204 --- [25-mini-project-spring-banking-security-v3] [restartedMain] JpaBaseConfiguration$JpaWebConfiguration : spring.jpa.open-in-view is enabled by default. Therefore, database queries may be performed during view rendering. Explicitly configure spring.jpa.open-in-view to disable this warning
2024-09-10T11:29:53.388+05:30  INFO 2204 --- [25-mini-project-spring-banking-security-v3] [restartedMain] o.s.b.d.a.OptionalLiveReloadServer       : LiveReload server is running on port 35729
2024-09-10T11:29:53.462+05:30  INFO 2204 --- [25-mini-project-spring-banking-security-v3] [restartedMain] o.s.b.w.embedded.tomcat.TomcatWebServer  : Tomcat started on port 8080 (http) with context path '/'
2024-09-10T11:29:53.476+05:30  INFO 2204 --- [25-mini-project-spring-banking-security-v3] [restartedMain] com.aurionpro.bank.Application           : Started Application in 7.347 seconds (process running for 8.477)
2024-09-10T11:30:02.227+05:30  INFO 2204 --- [25-mini-project-spring-banking-security-v3] [http-nio-8080-exec-2] o.a.c.c.C.[Tomcat].[localhost].[/]       : Initializing Spring DispatcherServlet 'dispatcherServlet'
2024-09-10T11:30:02.227+05:30  INFO 2204 --- [25-mini-project-spring-banking-security-v3] [http-nio-8080-exec-2] o.s.web.servlet.DispatcherServlet        : Initializing Servlet 'dispatcherServlet'
2024-09-10T11:30:02.230+05:30  INFO 2204 --- [25-mini-project-spring-banking-security-v3] [http-nio-8080-exec-2] o.s.web.servlet.DispatcherServlet        : Completed initialization in 2 ms
2024-09-10T11:30:02.805+05:30  INFO 2204 --- [25-mini-project-spring-banking-security-v3] [http-nio-8080-exec-2] com.aurionpro.bank.service.AuthService   : Attempting to register user with username: frost@gmail.com
2024-09-10T11:30:02.810+05:30  WARN 2204 --- [25-mini-project-spring-banking-security-v3] [http-nio-8080-exec-2] com.aurionpro.bank.service.AuthService   : User registration failed: username frost@gmail.com already exists
2024-09-10T11:30:02.856+05:30  WARN 2204 --- [25-mini-project-spring-banking-security-v3] [http-nio-8080-exec-2] .m.m.a.ExceptionHandlerExceptionResolver : Resolved [UserApiException(status=400 BAD_REQUEST, message=User already exists)]
2024-09-10T11:30:12.690+05:30  INFO 2204 --- [25-mini-project-spring-banking-security-v3] [http-nio-8080-exec-4] com.aurionpro.bank.service.AuthService   : Attempting to register user with username: frost@gmail.com
2024-09-10T11:30:12.694+05:30  WARN 2204 --- [25-mini-project-spring-banking-security-v3] [http-nio-8080-exec-4] com.aurionpro.bank.service.AuthService   : User registration failed: username frost@gmail.com already exists
2024-09-10T11:30:12.697+05:30  WARN 2204 --- [25-mini-project-spring-banking-security-v3] [http-nio-8080-exec-4] .m.m.a.ExceptionHandlerExceptionResolver : Resolved [UserApiException(status=400 BAD_REQUEST, message=User already exists)]
2024-09-10T11:30:21.130+05:30  INFO 2204 --- [25-mini-project-spring-banking-security-v3] [http-nio-8080-exec-6] com.aurionpro.bank.service.AuthService   : Attempting to register user with username: frost@gmail.com
2024-09-10T11:30:21.134+05:30  WARN 2204 --- [25-mini-project-spring-banking-security-v3] [http-nio-8080-exec-6] com.aurionpro.bank.service.AuthService   : User registration failed: username frost@gmail.com already exists
2024-09-10T11:30:21.136+05:30  WARN 2204 --- [25-mini-project-spring-banking-security-v3] [http-nio-8080-exec-6] .m.m.a.ExceptionHandlerExceptionResolver : Resolved [UserApiException(status=400 BAD_REQUEST, message=User already exists)]
2024-09-10T11:31:32.225+05:30  INFO 2204 --- [25-mini-project-spring-banking-security-v3] [http-nio-8080-exec-8] com.aurionpro.bank.service.AuthService   : Attempting to register user with username: frost123@gmail.com
2024-09-10T11:31:32.422+05:30  INFO 2204 --- [25-mini-project-spring-banking-security-v3] [http-nio-8080-exec-8] com.aurionpro.bank.service.AuthService   : User entity created for username: frost123@gmail.com
2024-09-10T11:31:32.423+05:30  INFO 2204 --- [25-mini-project-spring-banking-security-v3] [http-nio-8080-exec-8] com.aurionpro.bank.service.AuthService   : Roles assigned to user: ROLE_CUSTOMER
2024-09-10T11:31:32.429+05:30  INFO 2204 --- [25-mini-project-spring-banking-security-v3] [http-nio-8080-exec-8] com.aurionpro.bank.service.AuthService   : Customer entity created with name:  AirServices
2024-09-10T11:31:32.430+05:30  INFO 2204 --- [25-mini-project-spring-banking-security-v3] [http-nio-8080-exec-8] com.aurionpro.bank.service.AuthService   : Saving user and customer to the database...
2024-09-10T11:31:32.554+05:30  WARN 2204 --- [25-mini-project-spring-banking-security-v3] [http-nio-8080-exec-8] .m.m.a.ExceptionHandlerExceptionResolver : Resolved [jakarta.validation.ConstraintViolationException: Validation failed for classes [com.aurionpro.bank.entity.Customer] during persist time for groups [jakarta.validation.groups.Default, ]<EOL>List of constraint violations:[<EOL>?ConstraintViolationImpl{interpolatedMessage='First name is mandatory', propertyPath=customerFirstName, rootBeanClass=class com.aurionpro.bank.entity.Customer, messageTemplate='First name is mandatory'}<EOL>]]
2024-09-10T11:44:49.576+05:30  INFO 2204 --- [25-mini-project-spring-banking-security-v3] [File Watcher] rtingClassPathChangeChangedEventListener : Restarting due to 1 class path change (0 additions, 0 deletions, 1 modification)
2024-09-10T11:44:49.601+05:30  INFO 2204 --- [25-mini-project-spring-banking-security-v3] [Thread-5] j.LocalContainerEntityManagerFactoryBean : Closing JPA EntityManagerFactory for persistence unit 'default'
2024-09-10T11:44:49.604+05:30  INFO 2204 --- [25-mini-project-spring-banking-security-v3] [Thread-5] com.zaxxer.hikari.HikariDataSource       : HikariPool-1 - Shutdown initiated...
2024-09-10T11:44:49.615+05:30  INFO 2204 --- [25-mini-project-spring-banking-security-v3] [Thread-5] com.zaxxer.hikari.HikariDataSource       : HikariPool-1 - Shutdown completed.
2024-09-10T11:44:49.745+05:30  INFO 2204 --- [25-mini-project-spring-banking-security-v3] [restartedMain] com.aurionpro.bank.Application           : Starting Application using Java 21.0.3 with PID 2204 (D:\SpringAssignments\25-mini-project-spring-banking-security-v3\target\classes started by Suhas.Murthy in D:\SpringAssignments\25-mini-project-spring-banking-security-v3)
2024-09-10T11:44:49.745+05:30  INFO 2204 --- [25-mini-project-spring-banking-security-v3] [restartedMain] com.aurionpro.bank.Application           : No active profile set, falling back to 1 default profile: "default"
2024-09-10T11:44:50.069+05:30  INFO 2204 --- [25-mini-project-spring-banking-security-v3] [restartedMain] .s.d.r.c.RepositoryConfigurationDelegate : Bootstrapping Spring Data JPA repositories in DEFAULT mode.
2024-09-10T11:44:50.127+05:30  INFO 2204 --- [25-mini-project-spring-banking-security-v3] [restartedMain] .s.d.r.c.RepositoryConfigurationDelegate : Finished Spring Data repository scanning in 57 ms. Found 6 JPA repository interfaces.
2024-09-10T11:44:50.317+05:30  INFO 2204 --- [25-mini-project-spring-banking-security-v3] [restartedMain] o.s.b.w.embedded.tomcat.TomcatWebServer  : Tomcat initialized with port 8080 (http)
2024-09-10T11:44:50.319+05:30  INFO 2204 --- [25-mini-project-spring-banking-security-v3] [restartedMain] o.apache.catalina.core.StandardService   : Starting service [Tomcat]
2024-09-10T11:44:50.319+05:30  INFO 2204 --- [25-mini-project-spring-banking-security-v3] [restartedMain] o.apache.catalina.core.StandardEngine    : Starting Servlet engine: [Apache Tomcat/10.1.28]
2024-09-10T11:44:50.350+05:30  INFO 2204 --- [25-mini-project-spring-banking-security-v3] [restartedMain] o.a.c.c.C.[Tomcat].[localhost].[/]       : Initializing Spring embedded WebApplicationContext
2024-09-10T11:44:50.350+05:30  INFO 2204 --- [25-mini-project-spring-banking-security-v3] [restartedMain] w.s.c.ServletWebServerApplicationContext : Root WebApplicationContext: initialization completed in 601 ms
2024-09-10T11:44:50.438+05:30  INFO 2204 --- [25-mini-project-spring-banking-security-v3] [restartedMain] o.hibernate.jpa.internal.util.LogHelper  : HHH000204: Processing PersistenceUnitInfo [name: default]
2024-09-10T11:44:50.441+05:30  INFO 2204 --- [25-mini-project-spring-banking-security-v3] [restartedMain] o.h.c.internal.RegionFactoryInitiator    : HHH000026: Second-level cache disabled
2024-09-10T11:44:50.450+05:30  INFO 2204 --- [25-mini-project-spring-banking-security-v3] [restartedMain] o.s.o.j.p.SpringPersistenceUnitInfo      : No LoadTimeWeaver setup: ignoring JPA class transformer
2024-09-10T11:44:50.452+05:30  INFO 2204 --- [25-mini-project-spring-banking-security-v3] [restartedMain] com.zaxxer.hikari.HikariDataSource       : HikariPool-2 - Starting...
2024-09-10T11:44:50.476+05:30  INFO 2204 --- [25-mini-project-spring-banking-security-v3] [restartedMain] com.zaxxer.hikari.pool.HikariPool        : HikariPool-2 - Added connection com.mysql.cj.jdbc.ConnectionImpl@7222724e
2024-09-10T11:44:50.477+05:30  INFO 2204 --- [25-mini-project-spring-banking-security-v3] [restartedMain] com.zaxxer.hikari.HikariDataSource       : HikariPool-2 - Start completed.
2024-09-10T11:44:50.651+05:30  INFO 2204 --- [25-mini-project-spring-banking-security-v3] [restartedMain] o.h.e.t.j.p.i.JtaPlatformInitiator       : HHH000489: No JTA platform available (set 'hibernate.transaction.jta.platform' to enable JTA platform integration)
2024-09-10T11:44:50.709+05:30  INFO 2204 --- [25-mini-project-spring-banking-security-v3] [restartedMain] j.LocalContainerEntityManagerFactoryBean : Initialized JPA EntityManagerFactory for persistence unit 'default'
2024-09-10T11:44:50.961+05:30  INFO 2204 --- [25-mini-project-spring-banking-security-v3] [restartedMain] r$InitializeUserDetailsManagerConfigurer : Global AuthenticationManager configured with UserDetailsService bean with name customUserDetailsService
2024-09-10T11:44:51.048+05:30  WARN 2204 --- [25-mini-project-spring-banking-security-v3] [restartedMain] JpaBaseConfiguration$JpaWebConfiguration : spring.jpa.open-in-view is enabled by default. Therefore, database queries may be performed during view rendering. Explicitly configure spring.jpa.open-in-view to disable this warning
2024-09-10T11:44:51.499+05:30  INFO 2204 --- [25-mini-project-spring-banking-security-v3] [restartedMain] o.s.b.d.a.OptionalLiveReloadServer       : LiveReload server is running on port 35729
2024-09-10T11:44:51.533+05:30  INFO 2204 --- [25-mini-project-spring-banking-security-v3] [restartedMain] o.s.b.w.embedded.tomcat.TomcatWebServer  : Tomcat started on port 8080 (http) with context path '/'
2024-09-10T11:44:51.538+05:30  INFO 2204 --- [25-mini-project-spring-banking-security-v3] [restartedMain] com.aurionpro.bank.Application           : Started Application in 1.841 seconds (process running for 906.54)
2024-09-10T11:44:51.541+05:30  INFO 2204 --- [25-mini-project-spring-banking-security-v3] [restartedMain] .ConditionEvaluationDeltaLoggingListener : Condition evaluation unchanged
2024-09-10T11:45:06.233+05:30  INFO 2204 --- [25-mini-project-spring-banking-security-v3] [File Watcher] rtingClassPathChangeChangedEventListener : Restarting due to 1 class path change (0 additions, 0 deletions, 1 modification)
2024-09-10T11:45:06.249+05:30  INFO 2204 --- [25-mini-project-spring-banking-security-v3] [Thread-7] j.LocalContainerEntityManagerFactoryBean : Closing JPA EntityManagerFactory for persistence unit 'default'
2024-09-10T11:45:06.249+05:30  INFO 2204 --- [25-mini-project-spring-banking-security-v3] [Thread-7] com.zaxxer.hikari.HikariDataSource       : HikariPool-2 - Shutdown initiated...
2024-09-10T11:45:06.256+05:30  INFO 2204 --- [25-mini-project-spring-banking-security-v3] [Thread-7] com.zaxxer.hikari.HikariDataSource       : HikariPool-2 - Shutdown completed.
2024-09-10T11:45:06.365+05:30  INFO 2204 --- [25-mini-project-spring-banking-security-v3] [restartedMain] com.aurionpro.bank.Application           : Starting Application using Java 21.0.3 with PID 2204 (D:\SpringAssignments\25-mini-project-spring-banking-security-v3\target\classes started by Suhas.Murthy in D:\SpringAssignments\25-mini-project-spring-banking-security-v3)
2024-09-10T11:45:06.365+05:30  INFO 2204 --- [25-mini-project-spring-banking-security-v3] [restartedMain] com.aurionpro.bank.Application           : No active profile set, falling back to 1 default profile: "default"
2024-09-10T11:45:06.701+05:30  INFO 2204 --- [25-mini-project-spring-banking-security-v3] [restartedMain] .s.d.r.c.RepositoryConfigurationDelegate : Bootstrapping Spring Data JPA repositories in DEFAULT mode.
2024-09-10T11:45:06.763+05:30  INFO 2204 --- [25-mini-project-spring-banking-security-v3] [restartedMain] .s.d.r.c.RepositoryConfigurationDelegate : Finished Spring Data repository scanning in 61 ms. Found 6 JPA repository interfaces.
2024-09-10T11:45:06.932+05:30  INFO 2204 --- [25-mini-project-spring-banking-security-v3] [restartedMain] o.s.b.w.embedded.tomcat.TomcatWebServer  : Tomcat initialized with port 8080 (http)
2024-09-10T11:45:06.933+05:30  INFO 2204 --- [25-mini-project-spring-banking-security-v3] [restartedMain] o.apache.catalina.core.StandardService   : Starting service [Tomcat]
2024-09-10T11:45:06.933+05:30  INFO 2204 --- [25-mini-project-spring-banking-security-v3] [restartedMain] o.apache.catalina.core.StandardEngine    : Starting Servlet engine: [Apache Tomcat/10.1.28]
2024-09-10T11:45:06.956+05:30  INFO 2204 --- [25-mini-project-spring-banking-security-v3] [restartedMain] o.a.c.c.C.[Tomcat].[localhost].[/]       : Initializing Spring embedded WebApplicationContext
2024-09-10T11:45:06.956+05:30  INFO 2204 --- [25-mini-project-spring-banking-security-v3] [restartedMain] w.s.c.ServletWebServerApplicationContext : Root WebApplicationContext: initialization completed in 589 ms
2024-09-10T11:45:07.031+05:30  INFO 2204 --- [25-mini-project-spring-banking-security-v3] [restartedMain] o.hibernate.jpa.internal.util.LogHelper  : HHH000204: Processing PersistenceUnitInfo [name: default]
2024-09-10T11:45:07.034+05:30  INFO 2204 --- [25-mini-project-spring-banking-security-v3] [restartedMain] o.h.c.internal.RegionFactoryInitiator    : HHH000026: Second-level cache disabled
2024-09-10T11:45:07.044+05:30  INFO 2204 --- [25-mini-project-spring-banking-security-v3] [restartedMain] o.s.o.j.p.SpringPersistenceUnitInfo      : No LoadTimeWeaver setup: ignoring JPA class transformer
2024-09-10T11:45:07.045+05:30  INFO 2204 --- [25-mini-project-spring-banking-security-v3] [restartedMain] com.zaxxer.hikari.HikariDataSource       : HikariPool-3 - Starting...
2024-09-10T11:45:07.068+05:30  INFO 2204 --- [25-mini-project-spring-banking-security-v3] [restartedMain] com.zaxxer.hikari.pool.HikariPool        : HikariPool-3 - Added connection com.mysql.cj.jdbc.ConnectionImpl@39c09fda
2024-09-10T11:45:07.069+05:30  INFO 2204 --- [25-mini-project-spring-banking-security-v3] [restartedMain] com.zaxxer.hikari.HikariDataSource       : HikariPool-3 - Start completed.
2024-09-10T11:45:07.242+05:30  INFO 2204 --- [25-mini-project-spring-banking-security-v3] [restartedMain] o.h.e.t.j.p.i.JtaPlatformInitiator       : HHH000489: No JTA platform available (set 'hibernate.transaction.jta.platform' to enable JTA platform integration)
2024-09-10T11:45:07.295+05:30  INFO 2204 --- [25-mini-project-spring-banking-security-v3] [restartedMain] j.LocalContainerEntityManagerFactoryBean : Initialized JPA EntityManagerFactory for persistence unit 'default'
2024-09-10T11:45:07.521+05:30  INFO 2204 --- [25-mini-project-spring-banking-security-v3] [restartedMain] r$InitializeUserDetailsManagerConfigurer : Global AuthenticationManager configured with UserDetailsService bean with name customUserDetailsService
2024-09-10T11:45:07.606+05:30  WARN 2204 --- [25-mini-project-spring-banking-security-v3] [restartedMain] JpaBaseConfiguration$JpaWebConfiguration : spring.jpa.open-in-view is enabled by default. Therefore, database queries may be performed during view rendering. Explicitly configure spring.jpa.open-in-view to disable this warning
2024-09-10T11:45:07.936+05:30  INFO 2204 --- [25-mini-project-spring-banking-security-v3] [restartedMain] o.s.b.d.a.OptionalLiveReloadServer       : LiveReload server is running on port 35729
2024-09-10T11:45:07.953+05:30  INFO 2204 --- [25-mini-project-spring-banking-security-v3] [restartedMain] o.s.b.w.embedded.tomcat.TomcatWebServer  : Tomcat started on port 8080 (http) with context path '/'
2024-09-10T11:45:07.956+05:30  INFO 2204 --- [25-mini-project-spring-banking-security-v3] [restartedMain] com.aurionpro.bank.Application           : Started Application in 1.624 seconds (process running for 922.957)
2024-09-10T11:45:07.957+05:30  INFO 2204 --- [25-mini-project-spring-banking-security-v3] [restartedMain] .ConditionEvaluationDeltaLoggingListener : Condition evaluation unchanged
2024-09-10T11:45:27.894+05:30  INFO 2204 --- [25-mini-project-spring-banking-security-v3] [File Watcher] rtingClassPathChangeChangedEventListener : Restarting due to 1 class path change (0 additions, 0 deletions, 1 modification)
2024-09-10T11:45:27.914+05:30  INFO 2204 --- [25-mini-project-spring-banking-security-v3] [Thread-11] j.LocalContainerEntityManagerFactoryBean : Closing JPA EntityManagerFactory for persistence unit 'default'
2024-09-10T11:45:27.916+05:30  INFO 2204 --- [25-mini-project-spring-banking-security-v3] [Thread-11] com.zaxxer.hikari.HikariDataSource       : HikariPool-3 - Shutdown initiated...
2024-09-10T11:45:27.925+05:30  INFO 2204 --- [25-mini-project-spring-banking-security-v3] [Thread-11] com.zaxxer.hikari.HikariDataSource       : HikariPool-3 - Shutdown completed.
2024-09-10T11:45:28.086+05:30  INFO 2204 --- [25-mini-project-spring-banking-security-v3] [restartedMain] com.aurionpro.bank.Application           : Starting Application using Java 21.0.3 with PID 2204 (D:\SpringAssignments\25-mini-project-spring-banking-security-v3\target\classes started by Suhas.Murthy in D:\SpringAssignments\25-mini-project-spring-banking-security-v3)
2024-09-10T11:45:28.087+05:30  INFO 2204 --- [25-mini-project-spring-banking-security-v3] [restartedMain] com.aurionpro.bank.Application           : No active profile set, falling back to 1 default profile: "default"
2024-09-10T11:45:28.401+05:30  INFO 2204 --- [25-mini-project-spring-banking-security-v3] [restartedMain] .s.d.r.c.RepositoryConfigurationDelegate : Bootstrapping Spring Data JPA repositories in DEFAULT mode.
2024-09-10T11:45:28.460+05:30  INFO 2204 --- [25-mini-project-spring-banking-security-v3] [restartedMain] .s.d.r.c.RepositoryConfigurationDelegate : Finished Spring Data repository scanning in 58 ms. Found 6 JPA repository interfaces.
2024-09-10T11:45:28.626+05:30  INFO 2204 --- [25-mini-project-spring-banking-security-v3] [restartedMain] o.s.b.w.embedded.tomcat.TomcatWebServer  : Tomcat initialized with port 8080 (http)
2024-09-10T11:45:28.627+05:30  INFO 2204 --- [25-mini-project-spring-banking-security-v3] [restartedMain] o.apache.catalina.core.StandardService   : Starting service [Tomcat]
2024-09-10T11:45:28.627+05:30  INFO 2204 --- [25-mini-project-spring-banking-security-v3] [restartedMain] o.apache.catalina.core.StandardEngine    : Starting Servlet engine: [Apache Tomcat/10.1.28]
2024-09-10T11:45:28.659+05:30  INFO 2204 --- [25-mini-project-spring-banking-security-v3] [restartedMain] o.a.c.c.C.[Tomcat].[localhost].[/]       : Initializing Spring embedded WebApplicationContext
2024-09-10T11:45:28.660+05:30  INFO 2204 --- [25-mini-project-spring-banking-security-v3] [restartedMain] w.s.c.ServletWebServerApplicationContext : Root WebApplicationContext: initialization completed in 571 ms
2024-09-10T11:45:28.740+05:30  INFO 2204 --- [25-mini-project-spring-banking-security-v3] [restartedMain] o.hibernate.jpa.internal.util.LogHelper  : HHH000204: Processing PersistenceUnitInfo [name: default]
2024-09-10T11:45:28.744+05:30  INFO 2204 --- [25-mini-project-spring-banking-security-v3] [restartedMain] o.h.c.internal.RegionFactoryInitiator    : HHH000026: Second-level cache disabled
2024-09-10T11:45:28.751+05:30  INFO 2204 --- [25-mini-project-spring-banking-security-v3] [restartedMain] o.s.o.j.p.SpringPersistenceUnitInfo      : No LoadTimeWeaver setup: ignoring JPA class transformer
2024-09-10T11:45:28.753+05:30  INFO 2204 --- [25-mini-project-spring-banking-security-v3] [restartedMain] com.zaxxer.hikari.HikariDataSource       : HikariPool-4 - Starting...
2024-09-10T11:45:28.772+05:30  INFO 2204 --- [25-mini-project-spring-banking-security-v3] [restartedMain] com.zaxxer.hikari.pool.HikariPool        : HikariPool-4 - Added connection com.mysql.cj.jdbc.ConnectionImpl@24297eea
2024-09-10T11:45:28.772+05:30  INFO 2204 --- [25-mini-project-spring-banking-security-v3] [restartedMain] com.zaxxer.hikari.HikariDataSource       : HikariPool-4 - Start completed.
2024-09-10T11:45:28.939+05:30  INFO 2204 --- [25-mini-project-spring-banking-security-v3] [restartedMain] o.h.e.t.j.p.i.JtaPlatformInitiator       : HHH000489: No JTA platform available (set 'hibernate.transaction.jta.platform' to enable JTA platform integration)
2024-09-10T11:45:28.990+05:30  INFO 2204 --- [25-mini-project-spring-banking-security-v3] [restartedMain] j.LocalContainerEntityManagerFactoryBean : Initialized JPA EntityManagerFactory for persistence unit 'default'
2024-09-10T11:45:29.292+05:30  INFO 2204 --- [25-mini-project-spring-banking-security-v3] [restartedMain] r$InitializeUserDetailsManagerConfigurer : Global AuthenticationManager configured with UserDetailsService bean with name customUserDetailsService
2024-09-10T11:45:29.396+05:30  WARN 2204 --- [25-mini-project-spring-banking-security-v3] [restartedMain] JpaBaseConfiguration$JpaWebConfiguration : spring.jpa.open-in-view is enabled by default. Therefore, database queries may be performed during view rendering. Explicitly configure spring.jpa.open-in-view to disable this warning
2024-09-10T11:45:29.825+05:30  INFO 2204 --- [25-mini-project-spring-banking-security-v3] [restartedMain] o.s.b.d.a.OptionalLiveReloadServer       : LiveReload server is running on port 35729
2024-09-10T11:45:29.847+05:30  INFO 2204 --- [25-mini-project-spring-banking-security-v3] [restartedMain] o.s.b.w.embedded.tomcat.TomcatWebServer  : Tomcat started on port 8080 (http) with context path '/'
2024-09-10T11:45:29.852+05:30  INFO 2204 --- [25-mini-project-spring-banking-security-v3] [restartedMain] com.aurionpro.bank.Application           : Started Application in 1.803 seconds (process running for 944.854)
2024-09-10T11:45:29.854+05:30  INFO 2204 --- [25-mini-project-spring-banking-security-v3] [restartedMain] .ConditionEvaluationDeltaLoggingListener : Condition evaluation unchanged
2024-09-10T11:45:32.464+05:30  INFO 2204 --- [25-mini-project-spring-banking-security-v3] [http-nio-8080-exec-2] o.a.c.c.C.[Tomcat].[localhost].[/]       : Initializing Spring DispatcherServlet 'dispatcherServlet'
2024-09-10T11:45:32.464+05:30  INFO 2204 --- [25-mini-project-spring-banking-security-v3] [http-nio-8080-exec-2] o.s.web.servlet.DispatcherServlet        : Initializing Servlet 'dispatcherServlet'
2024-09-10T11:45:32.465+05:30  INFO 2204 --- [25-mini-project-spring-banking-security-v3] [http-nio-8080-exec-2] o.s.web.servlet.DispatcherServlet        : Completed initialization in 1 ms
2024-09-10T11:45:32.553+05:30  WARN 2204 --- [25-mini-project-spring-banking-security-v3] [http-nio-8080-exec-2] .w.s.m.s.DefaultHandlerExceptionResolver : Resolved [org.springframework.web.bind.MethodArgumentNotValidException: Validation failed for argument [0] in public org.springframework.http.ResponseEntity<com.aurionpro.bank.entity.User> com.aurionpro.bank.controller.LoginController.register(com.aurionpro.bank.dto.RegistrationDto): [Field error in object 'registrationDto' on field 'customerFirstName': rejected value []; codes [NotBlank.registrationDto.customerFirstName,NotBlank.customerFirstName,NotBlank.java.lang.String,NotBlank]; arguments [org.springframework.context.support.DefaultMessageSourceResolvable: codes [registrationDto.customerFirstName,customerFirstName]; arguments []; default message [customerFirstName]]; default message [First name is mandatory]] ]
2024-09-10T11:45:52.654+05:30  INFO 2204 --- [25-mini-project-spring-banking-security-v3] [http-nio-8080-exec-3] com.aurionpro.bank.service.AuthService   : Login attempt for username: Admin1@gmail.com
2024-09-10T11:45:52.975+05:30  INFO 2204 --- [25-mini-project-spring-banking-security-v3] [http-nio-8080-exec-3] com.aurionpro.bank.service.AuthService   : Authentication successful for username: Admin1@gmail.com
2024-09-10T11:45:53.006+05:30  INFO 2204 --- [25-mini-project-spring-banking-security-v3] [http-nio-8080-exec-3] com.aurionpro.bank.service.AuthService   : Token generated for username: Admin1@gmail.com
2024-09-10T11:46:08.919+05:30  WARN 2204 --- [25-mini-project-spring-banking-security-v3] [http-nio-8080-exec-4] .w.s.m.s.DefaultHandlerExceptionResolver : Resolved [org.springframework.web.bind.MethodArgumentNotValidException: Validation failed for argument [0] in public org.springframework.http.ResponseEntity<com.aurionpro.bank.entity.User> com.aurionpro.bank.controller.LoginController.register(com.aurionpro.bank.dto.RegistrationDto): [Field error in object 'registrationDto' on field 'customerFirstName': rejected value []; codes [NotBlank.registrationDto.customerFirstName,NotBlank.customerFirstName,NotBlank.java.lang.String,NotBlank]; arguments [org.springframework.context.support.DefaultMessageSourceResolvable: codes [registrationDto.customerFirstName,customerFirstName]; arguments []; default message [customerFirstName]]; default message [First name is mandatory]] ]
2024-09-10T11:46:40.687+05:30  WARN 2204 --- [25-mini-project-spring-banking-security-v3] [http-nio-8080-exec-5] .w.s.m.s.DefaultHandlerExceptionResolver : Resolved [org.springframework.web.bind.MethodArgumentNotValidException: Validation failed for argument [0] in public org.springframework.http.ResponseEntity<com.aurionpro.bank.entity.User> com.aurionpro.bank.controller.LoginController.register(com.aurionpro.bank.dto.RegistrationDto): [Field error in object 'registrationDto' on field 'customerFirstName': rejected value []; codes [NotBlank.registrationDto.customerFirstName,NotBlank.customerFirstName,NotBlank.java.lang.String,NotBlank]; arguments [org.springframework.context.support.DefaultMessageSourceResolvable: codes [registrationDto.customerFirstName,customerFirstName]; arguments []; default message [customerFirstName]]; default message [First name is mandatory]] ]
2024-09-10T11:48:07.698+05:30  WARN 2204 --- [25-mini-project-spring-banking-security-v3] [http-nio-8080-exec-7] .w.s.m.s.DefaultHandlerExceptionResolver : Resolved [org.springframework.web.bind.MethodArgumentNotValidException: Validation failed for argument [0] in public org.springframework.http.ResponseEntity<com.aurionpro.bank.entity.User> com.aurionpro.bank.controller.LoginController.register(com.aurionpro.bank.dto.RegistrationDto): [Field error in object 'registrationDto' on field 'customerFirstName': rejected value []; codes [NotBlank.registrationDto.customerFirstName,NotBlank.customerFirstName,NotBlank.java.lang.String,NotBlank]; arguments [org.springframework.context.support.DefaultMessageSourceResolvable: codes [registrationDto.customerFirstName,customerFirstName]; arguments []; default message [customerFirstName]]; default message [First name is mandatory]] ]
2024-09-10T11:56:49.792+05:30  WARN 2204 --- [25-mini-project-spring-banking-security-v3] [http-nio-8080-exec-1] .w.s.m.s.DefaultHandlerExceptionResolver : Resolved [org.springframework.web.bind.MethodArgumentNotValidException: Validation failed for argument [0] in public org.springframework.http.ResponseEntity<com.aurionpro.bank.entity.User> com.aurionpro.bank.controller.LoginController.register(com.aurionpro.bank.dto.RegistrationDto): [Field error in object 'registrationDto' on field 'customerFirstName': rejected value []; codes [NotBlank.registrationDto.customerFirstName,NotBlank.customerFirstName,NotBlank.java.lang.String,NotBlank]; arguments [org.springframework.context.support.DefaultMessageSourceResolvable: codes [registrationDto.customerFirstName,customerFirstName]; arguments []; default message [customerFirstName]]; default message [First name is mandatory]] ]
2024-09-10T11:57:39.731+05:30  WARN 2204 --- [25-mini-project-spring-banking-security-v3] [http-nio-8080-exec-2] .w.s.m.s.DefaultHandlerExceptionResolver : Resolved [org.springframework.web.bind.MethodArgumentNotValidException: Validation failed for argument [0] in public org.springframework.http.ResponseEntity<com.aurionpro.bank.entity.User> com.aurionpro.bank.controller.LoginController.register(com.aurionpro.bank.dto.RegistrationDto): [Field error in object 'registrationDto' on field 'customerFirstName': rejected value []; codes [NotBlank.registrationDto.customerFirstName,NotBlank.customerFirstName,NotBlank.java.lang.String,NotBlank]; arguments [org.springframework.context.support.DefaultMessageSourceResolvable: codes [registrationDto.customerFirstName,customerFirstName]; arguments []; default message [customerFirstName]]; default message [First name is mandatory]] ]
2024-09-10T11:58:37.251+05:30  INFO 2204 --- [25-mini-project-spring-banking-security-v3] [RMI TCP Connection(33)-127.0.0.1] inMXBeanRegistrar$SpringApplicationAdmin : Application shutdown requested.
2024-09-10T11:58:37.268+05:30  INFO 2204 --- [25-mini-project-spring-banking-security-v3] [RMI TCP Connection(33)-127.0.0.1] j.LocalContainerEntityManagerFactoryBean : Closing JPA EntityManagerFactory for persistence unit 'default'
2024-09-10T11:58:37.269+05:30  INFO 2204 --- [25-mini-project-spring-banking-security-v3] [RMI TCP Connection(33)-127.0.0.1] com.zaxxer.hikari.HikariDataSource       : HikariPool-4 - Shutdown initiated...
2024-09-10T11:58:37.276+05:30  INFO 2204 --- [25-mini-project-spring-banking-security-v3] [RMI TCP Connection(33)-127.0.0.1] com.zaxxer.hikari.HikariDataSource       : HikariPool-4 - Shutdown completed.
