2024-09-09T20:56:34.018+05:30  INFO 21576 --- [23-mini-project-spring-banking-security] [restartedMain] com.aurionpro.bank.Application           : Starting Application using Java 21.0.3 with PID 21576 (D:\SpringAssignments\24-mini-project-spring-banking-security-v2\target\classes started by Suhas.Murthy in D:\SpringAssignments\24-mini-project-spring-banking-security-v2)
2024-09-09T20:56:34.032+05:30  INFO 21576 --- [23-mini-project-spring-banking-security] [restartedMain] com.aurionpro.bank.Application           : No active profile set, falling back to 1 default profile: "default"
2024-09-09T20:56:34.085+05:30  INFO 21576 --- [23-mini-project-spring-banking-security] [restartedMain] .e.DevToolsPropertyDefaultsPostProcessor : Devtools property defaults active! Set 'spring.devtools.add-properties' to 'false' to disable
2024-09-09T20:56:34.087+05:30  INFO 21576 --- [23-mini-project-spring-banking-security] [restartedMain] .e.DevToolsPropertyDefaultsPostProcessor : For additional web related logging consider setting the 'logging.level.web' property to 'DEBUG'
2024-09-09T20:56:35.656+05:30  INFO 21576 --- [23-mini-project-spring-banking-security] [restartedMain] .s.d.r.c.RepositoryConfigurationDelegate : Bootstrapping Spring Data JPA repositories in DEFAULT mode.
2024-09-09T20:56:35.869+05:30  INFO 21576 --- [23-mini-project-spring-banking-security] [restartedMain] .s.d.r.c.RepositoryConfigurationDelegate : Finished Spring Data repository scanning in 204 ms. Found 6 JPA repository interfaces.
2024-09-09T20:56:37.023+05:30  INFO 21576 --- [23-mini-project-spring-banking-security] [restartedMain] o.s.b.w.embedded.tomcat.TomcatWebServer  : Tomcat initialized with port 8080 (http)
2024-09-09T20:56:37.049+05:30  INFO 21576 --- [23-mini-project-spring-banking-security] [restartedMain] o.apache.catalina.core.StandardService   : Starting service [Tomcat]
2024-09-09T20:56:37.050+05:30  INFO 21576 --- [23-mini-project-spring-banking-security] [restartedMain] o.apache.catalina.core.StandardEngine    : Starting Servlet engine: [Apache Tomcat/10.1.28]
2024-09-09T20:56:37.182+05:30  INFO 21576 --- [23-mini-project-spring-banking-security] [restartedMain] o.a.c.c.C.[Tomcat].[localhost].[/]       : Initializing Spring embedded WebApplicationContext
2024-09-09T20:56:37.184+05:30  INFO 21576 --- [23-mini-project-spring-banking-security] [restartedMain] w.s.c.ServletWebServerApplicationContext : Root WebApplicationContext: initialization completed in 3096 ms
2024-09-09T20:56:37.696+05:30  INFO 21576 --- [23-mini-project-spring-banking-security] [restartedMain] o.hibernate.jpa.internal.util.LogHelper  : HHH000204: Processing PersistenceUnitInfo [name: default]
2024-09-09T20:56:37.880+05:30  INFO 21576 --- [23-mini-project-spring-banking-security] [restartedMain] org.hibernate.Version                    : HHH000412: Hibernate ORM core version 6.5.2.Final
2024-09-09T20:56:37.987+05:30  INFO 21576 --- [23-mini-project-spring-banking-security] [restartedMain] o.h.c.internal.RegionFactoryInitiator    : HHH000026: Second-level cache disabled
2024-09-09T20:56:39.016+05:30  INFO 21576 --- [23-mini-project-spring-banking-security] [restartedMain] o.s.o.j.p.SpringPersistenceUnitInfo      : No LoadTimeWeaver setup: ignoring JPA class transformer
2024-09-09T20:56:39.111+05:30  INFO 21576 --- [23-mini-project-spring-banking-security] [restartedMain] com.zaxxer.hikari.HikariDataSource       : HikariPool-1 - Starting...
2024-09-09T20:56:39.863+05:30  INFO 21576 --- [23-mini-project-spring-banking-security] [restartedMain] com.zaxxer.hikari.pool.HikariPool        : HikariPool-1 - Added connection com.mysql.cj.jdbc.ConnectionImpl@24a5ac22
2024-09-09T20:56:39.865+05:30  INFO 21576 --- [23-mini-project-spring-banking-security] [restartedMain] com.zaxxer.hikari.HikariDataSource       : HikariPool-1 - Start completed.
2024-09-09T20:56:41.358+05:30  INFO 21576 --- [23-mini-project-spring-banking-security] [restartedMain] o.h.e.t.j.p.i.JtaPlatformInitiator       : HHH000489: No JTA platform available (set 'hibernate.transaction.jta.platform' to enable JTA platform integration)
2024-09-09T20:56:41.483+05:30  INFO 21576 --- [23-mini-project-spring-banking-security] [restartedMain] j.LocalContainerEntityManagerFactoryBean : Initialized JPA EntityManagerFactory for persistence unit 'default'
2024-09-09T20:56:42.097+05:30  INFO 21576 --- [23-mini-project-spring-banking-security] [restartedMain] r$InitializeUserDetailsManagerConfigurer : Global AuthenticationManager configured with UserDetailsService bean with name customUserDetailsService
2024-09-09T20:56:42.287+05:30  WARN 21576 --- [23-mini-project-spring-banking-security] [restartedMain] JpaBaseConfiguration$JpaWebConfiguration : spring.jpa.open-in-view is enabled by default. Therefore, database queries may be performed during view rendering. Explicitly configure spring.jpa.open-in-view to disable this warning
2024-09-09T20:56:43.121+05:30  INFO 21576 --- [23-mini-project-spring-banking-security] [restartedMain] o.s.b.d.a.OptionalLiveReloadServer       : LiveReload server is running on port 35729
2024-09-09T20:56:43.280+05:30  INFO 21576 --- [23-mini-project-spring-banking-security] [restartedMain] o.s.b.w.embedded.tomcat.TomcatWebServer  : Tomcat started on port 8080 (http) with context path '/'
2024-09-09T20:56:43.288+05:30  INFO 21576 --- [23-mini-project-spring-banking-security] [restartedMain] com.aurionpro.bank.Application           : Started Application in 9.733 seconds (process running for 10.969)
2024-09-09T20:57:15.414+05:30  INFO 21576 --- [23-mini-project-spring-banking-security] [File Watcher] rtingClassPathChangeChangedEventListener : Restarting due to 1 class path change (0 additions, 0 deletions, 1 modification)
2024-09-09T20:57:15.441+05:30  INFO 21576 --- [23-mini-project-spring-banking-security] [Thread-5] j.LocalContainerEntityManagerFactoryBean : Closing JPA EntityManagerFactory for persistence unit 'default'
2024-09-09T20:57:15.446+05:30  INFO 21576 --- [23-mini-project-spring-banking-security] [Thread-5] com.zaxxer.hikari.HikariDataSource       : HikariPool-1 - Shutdown initiated...
2024-09-09T20:57:15.462+05:30  INFO 21576 --- [23-mini-project-spring-banking-security] [Thread-5] com.zaxxer.hikari.HikariDataSource       : HikariPool-1 - Shutdown completed.
2024-09-09T20:57:15.615+05:30  INFO 21576 --- [24-mini-project-spring-banking-security] [restartedMain] com.aurionpro.bank.Application           : Starting Application using Java 21.0.3 with PID 21576 (D:\SpringAssignments\24-mini-project-spring-banking-security-v2\target\classes started by Suhas.Murthy in D:\SpringAssignments\24-mini-project-spring-banking-security-v2)
2024-09-09T20:57:15.615+05:30  INFO 21576 --- [24-mini-project-spring-banking-security] [restartedMain] com.aurionpro.bank.Application           : No active profile set, falling back to 1 default profile: "default"
2024-09-09T20:57:15.984+05:30  INFO 21576 --- [24-mini-project-spring-banking-security] [restartedMain] .s.d.r.c.RepositoryConfigurationDelegate : Bootstrapping Spring Data JPA repositories in DEFAULT mode.
2024-09-09T20:57:16.076+05:30  INFO 21576 --- [24-mini-project-spring-banking-security] [restartedMain] .s.d.r.c.RepositoryConfigurationDelegate : Finished Spring Data repository scanning in 91 ms. Found 6 JPA repository interfaces.
2024-09-09T20:57:16.222+05:30  INFO 21576 --- [24-mini-project-spring-banking-security] [restartedMain] o.s.b.w.embedded.tomcat.TomcatWebServer  : Tomcat initialized with port 8080 (http)
2024-09-09T20:57:16.223+05:30  INFO 21576 --- [24-mini-project-spring-banking-security] [restartedMain] o.apache.catalina.core.StandardService   : Starting service [Tomcat]
2024-09-09T20:57:16.223+05:30  INFO 21576 --- [24-mini-project-spring-banking-security] [restartedMain] o.apache.catalina.core.StandardEngine    : Starting Servlet engine: [Apache Tomcat/10.1.28]
2024-09-09T20:57:16.247+05:30  INFO 21576 --- [24-mini-project-spring-banking-security] [restartedMain] o.a.c.c.C.[Tomcat].[localhost].[/]       : Initializing Spring embedded WebApplicationContext
2024-09-09T20:57:16.247+05:30  INFO 21576 --- [24-mini-project-spring-banking-security] [restartedMain] w.s.c.ServletWebServerApplicationContext : Root WebApplicationContext: initialization completed in 629 ms
2024-09-09T20:57:16.320+05:30  INFO 21576 --- [24-mini-project-spring-banking-security] [restartedMain] o.hibernate.jpa.internal.util.LogHelper  : HHH000204: Processing PersistenceUnitInfo [name: default]
2024-09-09T20:57:16.322+05:30  INFO 21576 --- [24-mini-project-spring-banking-security] [restartedMain] o.h.c.internal.RegionFactoryInitiator    : HHH000026: Second-level cache disabled
2024-09-09T20:57:16.332+05:30  INFO 21576 --- [24-mini-project-spring-banking-security] [restartedMain] o.s.o.j.p.SpringPersistenceUnitInfo      : No LoadTimeWeaver setup: ignoring JPA class transformer
2024-09-09T20:57:16.332+05:30  INFO 21576 --- [24-mini-project-spring-banking-security] [restartedMain] com.zaxxer.hikari.HikariDataSource       : HikariPool-2 - Starting...
2024-09-09T20:57:16.355+05:30  INFO 21576 --- [24-mini-project-spring-banking-security] [restartedMain] com.zaxxer.hikari.pool.HikariPool        : HikariPool-2 - Added connection com.mysql.cj.jdbc.ConnectionImpl@4e96d24a
2024-09-09T20:57:16.355+05:30  INFO 21576 --- [24-mini-project-spring-banking-security] [restartedMain] com.zaxxer.hikari.HikariDataSource       : HikariPool-2 - Start completed.
2024-09-09T20:57:16.519+05:30  INFO 21576 --- [24-mini-project-spring-banking-security] [restartedMain] o.h.e.t.j.p.i.JtaPlatformInitiator       : HHH000489: No JTA platform available (set 'hibernate.transaction.jta.platform' to enable JTA platform integration)
2024-09-09T20:57:16.570+05:30  INFO 21576 --- [24-mini-project-spring-banking-security] [restartedMain] j.LocalContainerEntityManagerFactoryBean : Initialized JPA EntityManagerFactory for persistence unit 'default'
2024-09-09T20:57:16.796+05:30  INFO 21576 --- [24-mini-project-spring-banking-security] [restartedMain] r$InitializeUserDetailsManagerConfigurer : Global AuthenticationManager configured with UserDetailsService bean with name customUserDetailsService
2024-09-09T20:57:16.875+05:30  WARN 21576 --- [24-mini-project-spring-banking-security] [restartedMain] JpaBaseConfiguration$JpaWebConfiguration : spring.jpa.open-in-view is enabled by default. Therefore, database queries may be performed during view rendering. Explicitly configure spring.jpa.open-in-view to disable this warning
2024-09-09T20:57:17.179+05:30  INFO 21576 --- [24-mini-project-spring-banking-security] [restartedMain] o.s.b.d.a.OptionalLiveReloadServer       : LiveReload server is running on port 35729
2024-09-09T20:57:17.263+05:30  INFO 21576 --- [24-mini-project-spring-banking-security] [restartedMain] o.s.b.w.embedded.tomcat.TomcatWebServer  : Tomcat started on port 8080 (http) with context path '/'
2024-09-09T20:57:17.271+05:30  INFO 21576 --- [24-mini-project-spring-banking-security] [restartedMain] com.aurionpro.bank.Application           : Started Application in 1.702 seconds (process running for 44.951)
2024-09-09T20:59:08.013+05:30  INFO 21576 --- [24-mini-project-spring-banking-security] [File Watcher] rtingClassPathChangeChangedEventListener : Restarting due to 1 class path change (0 additions, 0 deletions, 1 modification)
2024-09-09T20:59:08.033+05:30  INFO 21576 --- [24-mini-project-spring-banking-security] [Thread-7] j.LocalContainerEntityManagerFactoryBean : Closing JPA EntityManagerFactory for persistence unit 'default'
2024-09-09T20:59:08.033+05:30  INFO 21576 --- [24-mini-project-spring-banking-security] [Thread-7] com.zaxxer.hikari.HikariDataSource       : HikariPool-2 - Shutdown initiated...
2024-09-09T20:59:08.042+05:30  INFO 21576 --- [24-mini-project-spring-banking-security] [Thread-7] com.zaxxer.hikari.HikariDataSource       : HikariPool-2 - Shutdown completed.
2024-09-09T20:59:08.185+05:30  INFO 21576 --- [24-mini-project-spring-banking-security-v2] [restartedMain] com.aurionpro.bank.Application           : Starting Application using Java 21.0.3 with PID 21576 (D:\SpringAssignments\24-mini-project-spring-banking-security-v2\target\classes started by Suhas.Murthy in D:\SpringAssignments\24-mini-project-spring-banking-security-v2)
2024-09-09T20:59:08.185+05:30  INFO 21576 --- [24-mini-project-spring-banking-security-v2] [restartedMain] com.aurionpro.bank.Application           : No active profile set, falling back to 1 default profile: "default"
2024-09-09T20:59:08.532+05:30  INFO 21576 --- [24-mini-project-spring-banking-security-v2] [restartedMain] .s.d.r.c.RepositoryConfigurationDelegate : Bootstrapping Spring Data JPA repositories in DEFAULT mode.
2024-09-09T20:59:08.608+05:30  INFO 21576 --- [24-mini-project-spring-banking-security-v2] [restartedMain] .s.d.r.c.RepositoryConfigurationDelegate : Finished Spring Data repository scanning in 76 ms. Found 6 JPA repository interfaces.
2024-09-09T20:59:08.736+05:30  INFO 21576 --- [24-mini-project-spring-banking-security-v2] [restartedMain] o.s.b.w.embedded.tomcat.TomcatWebServer  : Tomcat initialized with port 8080 (http)
2024-09-09T20:59:08.737+05:30  INFO 21576 --- [24-mini-project-spring-banking-security-v2] [restartedMain] o.apache.catalina.core.StandardService   : Starting service [Tomcat]
2024-09-09T20:59:08.737+05:30  INFO 21576 --- [24-mini-project-spring-banking-security-v2] [restartedMain] o.apache.catalina.core.StandardEngine    : Starting Servlet engine: [Apache Tomcat/10.1.28]
2024-09-09T20:59:08.758+05:30  INFO 21576 --- [24-mini-project-spring-banking-security-v2] [restartedMain] o.a.c.c.C.[Tomcat].[localhost].[/]       : Initializing Spring embedded WebApplicationContext
2024-09-09T20:59:08.758+05:30  INFO 21576 --- [24-mini-project-spring-banking-security-v2] [restartedMain] w.s.c.ServletWebServerApplicationContext : Root WebApplicationContext: initialization completed in 570 ms
2024-09-09T20:59:08.835+05:30  INFO 21576 --- [24-mini-project-spring-banking-security-v2] [restartedMain] o.hibernate.jpa.internal.util.LogHelper  : HHH000204: Processing PersistenceUnitInfo [name: default]
2024-09-09T20:59:08.837+05:30  INFO 21576 --- [24-mini-project-spring-banking-security-v2] [restartedMain] o.h.c.internal.RegionFactoryInitiator    : HHH000026: Second-level cache disabled
2024-09-09T20:59:08.847+05:30  INFO 21576 --- [24-mini-project-spring-banking-security-v2] [restartedMain] o.s.o.j.p.SpringPersistenceUnitInfo      : No LoadTimeWeaver setup: ignoring JPA class transformer
2024-09-09T20:59:08.847+05:30  INFO 21576 --- [24-mini-project-spring-banking-security-v2] [restartedMain] com.zaxxer.hikari.HikariDataSource       : HikariPool-3 - Starting...
2024-09-09T20:59:08.869+05:30  INFO 21576 --- [24-mini-project-spring-banking-security-v2] [restartedMain] com.zaxxer.hikari.pool.HikariPool        : HikariPool-3 - Added connection com.mysql.cj.jdbc.ConnectionImpl@9bec5ac
2024-09-09T20:59:08.869+05:30  INFO 21576 --- [24-mini-project-spring-banking-security-v2] [restartedMain] com.zaxxer.hikari.HikariDataSource       : HikariPool-3 - Start completed.
2024-09-09T20:59:09.037+05:30  INFO 21576 --- [24-mini-project-spring-banking-security-v2] [restartedMain] o.h.e.t.j.p.i.JtaPlatformInitiator       : HHH000489: No JTA platform available (set 'hibernate.transaction.jta.platform' to enable JTA platform integration)
2024-09-09T20:59:09.085+05:30  INFO 21576 --- [24-mini-project-spring-banking-security-v2] [restartedMain] j.LocalContainerEntityManagerFactoryBean : Initialized JPA EntityManagerFactory for persistence unit 'default'
2024-09-09T20:59:09.302+05:30  INFO 21576 --- [24-mini-project-spring-banking-security-v2] [restartedMain] r$InitializeUserDetailsManagerConfigurer : Global AuthenticationManager configured with UserDetailsService bean with name customUserDetailsService
2024-09-09T20:59:09.376+05:30  WARN 21576 --- [24-mini-project-spring-banking-security-v2] [restartedMain] JpaBaseConfiguration$JpaWebConfiguration : spring.jpa.open-in-view is enabled by default. Therefore, database queries may be performed during view rendering. Explicitly configure spring.jpa.open-in-view to disable this warning
2024-09-09T20:59:09.658+05:30  INFO 21576 --- [24-mini-project-spring-banking-security-v2] [restartedMain] o.s.b.d.a.OptionalLiveReloadServer       : LiveReload server is running on port 35729
2024-09-09T20:59:09.678+05:30  INFO 21576 --- [24-mini-project-spring-banking-security-v2] [restartedMain] o.s.b.w.embedded.tomcat.TomcatWebServer  : Tomcat started on port 8080 (http) with context path '/'
2024-09-09T20:59:09.682+05:30  INFO 21576 --- [24-mini-project-spring-banking-security-v2] [restartedMain] com.aurionpro.bank.Application           : Started Application in 1.538 seconds (process running for 157.362)
2024-09-09T20:59:15.878+05:30  INFO 21576 --- [24-mini-project-spring-banking-security-v2] [RMI TCP Connection(7)-127.0.0.1] inMXBeanRegistrar$SpringApplicationAdmin : Application shutdown requested.
2024-09-09T20:59:15.895+05:30  INFO 21576 --- [24-mini-project-spring-banking-security-v2] [RMI TCP Connection(7)-127.0.0.1] j.LocalContainerEntityManagerFactoryBean : Closing JPA EntityManagerFactory for persistence unit 'default'
2024-09-09T20:59:15.896+05:30  INFO 21576 --- [24-mini-project-spring-banking-security-v2] [RMI TCP Connection(7)-127.0.0.1] com.zaxxer.hikari.HikariDataSource       : HikariPool-3 - Shutdown initiated...
2024-09-09T20:59:15.903+05:30  INFO 21576 --- [24-mini-project-spring-banking-security-v2] [RMI TCP Connection(7)-127.0.0.1] com.zaxxer.hikari.HikariDataSource       : HikariPool-3 - Shutdown completed.
